#
# A fatal error has been detected by the Java Runtime Environment:
#
#  SIGSEGV (0xb) at pc=0x00007fff897861ff, pid=56061, tid=2571
#
# JRE version: Java(TM) SE Runtime Environment (8.0_66-b17) (build 1.8.0_66-b17)
# Java VM: Java HotSpot(TM) 64-Bit Server VM (25.66-b17 mixed mode bsd-amd64 compressed oops)
# Problematic frame:
# C  [libobjc.A.dylib+0xa1ff]  objc_release+0xf
#
# Failed to write core dump. Core dumps have been disabled. To enable core dumping, try "ulimit -c unlimited" before starting Java again
#
# If you would like to submit a bug report, please visit:
#   http://bugreport.java.com/bugreport/crash.jsp
# The crash happened outside the Java Virtual Machine in native code.
# See problematic frame for where to report the bug.
#

---------------  T H R E A D  ---------------

Current thread (0x00007fdfea880000):  JavaThread "AWT-AppKit" daemon [_thread_in_native, id=2571, stack(0x00007fff4fbeb000,0x00007fff503eb000)]

siginfo: si_signo: 11 (SIGSEGV), si_code: 0 (unknown), si_addr: 0x0000000000000000

Registers:
RAX=0x0000000000000008, RBX=0x0000000000000000, RCX=0x0000000000000003, RDX=0x00007fdfee462408
RSP=0x00007fff503e60e8, RBP=0x00007fff503e6110, RSI=0x00000001261f3f10, RDI=0x600007fdfee45112
R8 =0x0000000000000001, R9 =0x00007fdfee451120, R10=0x00007fdfeadf8a20, R11=0x0000000127063840
R12=0x0000000000000000, R13=0x00000001921b9500, R14=0x00007fdfee454f50, R15=0x00007fdfea880000
RIP=0x00007fff897861ff, EFLAGS=0x0000000000010246, ERR=0x0000000000000000
  TRAPNO=0x000000000000000d

Top of Stack: (sp=0x00007fff503e60e8)
0x00007fff503e60e8:   000000012617d47b 00007fff503e6110
0x00007fff503e60f8:   0000000127063450 0000000127063440
0x00007fff503e6108:   00007fdfea880000 00007fff503e61d0
0x00007fff503e6118:   0000000127061215 0000000127063700
0x00007fff503e6128:   00000001270636e0 00000001270634b0
0x00007fff503e6138:   0000000000000000 00000001921b9500
0x00007fff503e6148:   00000001921b9500 00007fdfee462400
0x00007fff503e6158:   00000001270636a0 0000000127063710
0x00007fff503e6168:   00007fff78462740 00007fff77fca4c0
0x00007fff503e6178:   0000000127063450 0000000127063690
0x00007fff503e6188:   00007fdfee462400 00007fdfee454f50
0x00007fff503e6198:   00007fdfee39e750 00007fdfee462400
0x00007fff503e61a8:   00007fdfee454f50 00007fff503e6258
0x00007fff503e61b8:   00007fdfea8801f8 00000001921b9500
0x00007fff503e61c8:   00007fff503e6280 00007fff503e6248
0x00007fff503e61d8:   000000011139b954 00000001921b9500
0x00007fff503e61e8:   00007fff503e6280 00007fff503e6248
0x00007fff503e61f8:   000000011139b6e7 000000011139b6a2
0x00007fff503e6208:   00007fff503e6208 00000001921b9500
0x00007fff503e6218:   00007fff503e6280 000000019055e078
0x00007fff503e6228:   0000000000000000 00000001921b9500
0x00007fff503e6238:   0000000000000000 00007fff503e6268
0x00007fff503e6248:   00007fff503e62c8 000000011138dc4d
0x00007fff503e6258:   0000000780c12f18 0000000111395578
0x00007fff503e6268:   00007fdfee462400 00007fff503e62c8
0x00007fff503e6278:   00007fdfee454f50 0000000111396d82
0x00007fff503e6288:   00007fff503e6288 00000001921b96ca
0x00007fff503e6298:   00007fff503e62f0 000000019055e078
0x00007fff503e62a8:   0000000000000000 00000001921b96d8
0x00007fff503e62b8:   00007fff503e6268 00007fff503e62d8
0x00007fff503e62c8:   00007fff503e6338 000000011138dc4d
0x00007fff503e62d8:   00007fdfee462400 0000000780638500 

Instructions: (pc=0x00007fff897861ff)
0x00007fff897861df:   e9 d2 54 00 00 90 90 90 90 90 90 90 90 90 90 90
0x00007fff897861ef:   90 48 85 ff 0f 84 80 00 00 00 40 f6 c7 01 75 7a
0x00007fff897861ff:   48 8b 07 48 b9 f8 ff ff ff ff 7f 00 00 48 21 c1
0x00007fff8978620f:   f6 41 20 02 75 0f 48 8d 05 fc 8c 86 ec 48 8b 30 

Register to memory mapping:

RAX=0x0000000000000008 is an unknown value
RBX=0x0000000000000000 is an unknown value
RCX=0x0000000000000003 is an unknown value
RDX=0x00007fdfee462408 is an unknown value
RSP=0x00007fff503e60e8 is pointing into the stack for thread: 0x00007fdfea880000
RBP=0x00007fff503e6110 is pointing into the stack for thread: 0x00007fdfea880000
RSI=0x00000001261f3f10: OBJC_IVAR_$_PrinterView.fCurPeekGraphics+0x1aa8 in /Library/Java/JavaVirtualMachines/jdk1.8.0_66.jdk/Contents/Home/jre/lib/libawt_lwawt.dylib at 0x0000000126179000
RDI=0x600007fdfee45112 is an unknown value
R8 =0x0000000000000001 is an unknown value
R9 =0x00007fdfee451120 is an unknown value
R10=0x00007fdfeadf8a20 is an unknown value
R11=0x0000000127063840: OBJC_CLASS_$_MyCALayer+0 in /private/var/folders/v7/m_7hp0g111n_0hjcbnqwrbd80000gn/T/jogamp_0000/file_cache/jln5631057433640470948/jln7764432902614346894/libnativewindow_macosx.jnilib at 0x000000012705c000
R12=0x0000000000000000 is an unknown value
R13={method} {0x00000001921b9500} 'UnsetJAWTRootSurfaceLayer0' '(JJ)V' in 'jogamp/nativewindow/jawt/macosx/MacOSXJAWTWindow'
R14=0x00007fdfee454f50 is an unknown value
R15=0x00007fdfea880000 is a thread


Stack: [0x00007fff4fbeb000,0x00007fff503eb000],  sp=0x00007fff503e60e8,  free space=8172k
Native frames: (J=compiled Java code, j=interpreted, Vv=VM code, C=native code)
C  [libobjc.A.dylib+0xa1ff]  objc_release+0xf
C  [libnativewindow_macosx.jnilib+0x5215]  Java_jogamp_nativewindow_jawt_macosx_MacOSXJAWTWindow_UnsetJAWTRootSurfaceLayer0+0x1a5
j  jogamp.nativewindow.jawt.macosx.MacOSXJAWTWindow.UnsetJAWTRootSurfaceLayer0(JJ)V+0
j  jogamp.nativewindow.jawt.macosx.MacOSXJAWTWindow.access$200(JJ)V+2
j  jogamp.nativewindow.jawt.macosx.MacOSXJAWTWindow$1.run()V+38
J 1839 C1 com.jogamp.common.util.RunnableTask.run()V (345 bytes) @ 0x00000001119ab754 [0x00000001119ab5c0+0x194]
v  ~StubRoutines::call_stub
V  [libjvm.dylib+0x2ea35e]  JavaCalls::call_helper(JavaValue*, methodHandle*, JavaCallArguments*, Thread*)+0x6ae
V  [libjvm.dylib+0x321467]  jni_invoke_nonstatic(JNIEnv_*, JavaValue*, _jobject*, JNICallType, _jmethodID*, JNI_ArgumentPusher*, Thread*)+0x2ec
V  [libjvm.dylib+0x313c3b]  jni_CallVoidMethod+0x16b
C  [libnativewindow_macosx.jnilib+0x5326]  Java_jogamp_nativewindow_jawt_macosx_MacOSXJAWTWindow_UnsetJAWTRootSurfaceLayer0+0x2b6
C  [Foundation+0x7741e]  __NSThreadPerformPerform+0x117
C  [CoreFoundation+0xaa8b1]  __CFRUNLOOP_IS_CALLING_OUT_TO_A_SOURCE0_PERFORM_FUNCTION__+0x11
C  [CoreFoundation+0x8a027]  __CFRunLoopDoSources0+0x1a7
C  [CoreFoundation+0x895cf]  __CFRunLoopRun+0x39f
C  [CoreFoundation+0x88fc8]  CFRunLoopRunSpecific+0x128
C  [HIToolbox+0x30d55]  RunCurrentEventLoopInMode+0xeb
C  [HIToolbox+0x30a97]  ReceiveNextEventCommon+0xb8
C  [HIToolbox+0x309cf]  _BlockUntilNextEventMatchingListInModeWithFilter+0x47
C  [AppKit+0x49d96]  _DPSNextEvent+0x42b
C  [AppKit+0x491c5]  -[NSApplication _nextEventMatchingEventMask:untilDate:inMode:dequeue:]+0x1c6
C  [libosxapp.dylib+0x23aa]  -[NSApplicationAWT nextEventMatchingMask:untilDate:inMode:dequeue:]+0x7c
C  [AppKit+0x3dd28]  -[NSApplication run]+0x2aa
C  [libosxapp.dylib+0x214d]  +[NSApplicationAWT runAWTLoopWithApp:]+0x9c
C  [libawt_lwawt.dylib+0x4455b]  -[AWTStarter starter:]+0x389
C  [Foundation+0x7741e]  __NSThreadPerformPerform+0x117
C  [CoreFoundation+0xaa8b1]  __CFRUNLOOP_IS_CALLING_OUT_TO_A_SOURCE0_PERFORM_FUNCTION__+0x11
C  [CoreFoundation+0x8a0ac]  __CFRunLoopDoSources0+0x22c
C  [CoreFoundation+0x895cf]  __CFRunLoopRun+0x39f
C  [CoreFoundation+0x88fc8]  CFRunLoopRunSpecific+0x128
C  [java+0x6463]  CreateExecutionEnvironment+0x367
C  [java+0x21ac]  JLI_Launch+0x7a0
C  [java+0x84c0]  main+0x65
C  [java+0x1a04]  start+0x34
C  0x0000000000000007

Java frames: (J=compiled Java code, j=interpreted, Vv=VM code)
j  jogamp.nativewindow.jawt.macosx.MacOSXJAWTWindow.UnsetJAWTRootSurfaceLayer0(JJ)V+0
j  jogamp.nativewindow.jawt.macosx.MacOSXJAWTWindow.access$200(JJ)V+2
j  jogamp.nativewindow.jawt.macosx.MacOSXJAWTWindow$1.run()V+38
J 1839 C1 com.jogamp.common.util.RunnableTask.run()V (345 bytes) @ 0x00000001119ab754 [0x00000001119ab5c0+0x194]
v  ~StubRoutines::call_stub

---------------  P R O C E S S  ---------------

Java Threads: ( => current thread )
  0x00007fdfeb75c000 JavaThread "Thread-143" [_thread_blocked, id=33655, stack(0x0000700001cf7000,0x0000700001df7000)]
  0x00007fdfe9c21800 JavaThread "Thread-142" [_thread_in_native, id=33879, stack(0x0000700001bf4000,0x0000700001cf4000)]
  0x00007fdfeb07c000 JavaThread "Thread-141" [_thread_in_native, id=64883, stack(0x00007000019ee000,0x0000700001aee000)]
  0x00007fdfeb7b2800 JavaThread "Keep-Alive-Timer" daemon [_thread_blocked, id=65847, stack(0x0000700001dfa000,0x0000700001efa000)]
  0x00007fdfea23a800 JavaThread "Image Fetcher 2" daemon [_thread_blocked, id=67343, stack(0x0000700002103000,0x0000700002203000)]
  0x00007fdfeae1b000 JavaThread "Image Fetcher 1" daemon [_thread_blocked, id=64007, stack(0x0000700001af1000,0x0000700001bf1000)]
  0x00007fdfeb6f6000 JavaThread "Image Fetcher 0" daemon [_thread_blocked, id=66051, stack(0x0000700001efd000,0x0000700001ffd000)]
  0x00007fdfeb0fb000 JavaThread "Animation Thread" [_thread_blocked, id=59147, stack(0x0000700001765000,0x0000700001865000)]
  0x00007fdfea0e0000 JavaThread "AWT-EventQueue-1" [_thread_in_native, id=59667, stack(0x0000700001868000,0x0000700001968000)]
  0x00007fdfe9826000 JavaThread "DestroyJavaVM" [_thread_blocked, id=5891, stack(0x000070000011a000,0x000070000021a000)]
  0x00007fdfeaa39000 JavaThread "AWT-EventQueue-0" [_thread_blocked, id=56579, stack(0x0000700001662000,0x0000700001762000)]
  0x00007fdfeaa25000 JavaThread "Java2D Disposer" daemon [_thread_blocked, id=53255, stack(0x00007000013d9000,0x00007000014d9000)]
  0x00007fdfeb181000 JavaThread "Java2D Queue Flusher" daemon [_thread_blocked, id=49671, stack(0x00007000012d6000,0x00007000013d6000)]
  0x00007fdfeb0de000 JavaThread "AWT-Shutdown" [_thread_blocked, id=29459, stack(0x0000700001150000,0x0000700001250000)]
=>0x00007fdfea880000 JavaThread "AWT-AppKit" daemon [_thread_in_native, id=2571, stack(0x00007fff4fbeb000,0x00007fff503eb000)]
  0x00007fdfea837800 JavaThread "Service Thread" daemon [_thread_blocked, id=18435, stack(0x0000700000dc1000,0x0000700000ec1000)]
  0x00007fdfeb00c800 JavaThread "C1 CompilerThread2" daemon [_thread_blocked, id=17923, stack(0x0000700000cbe000,0x0000700000dbe000)]
  0x00007fdfeb00c000 JavaThread "C2 CompilerThread1" daemon [_thread_blocked, id=17411, stack(0x0000700000bbb000,0x0000700000cbb000)]
  0x00007fdfe982c000 JavaThread "C2 CompilerThread0" daemon [_thread_blocked, id=16899, stack(0x0000700000ab8000,0x0000700000bb8000)]
  0x00007fdfea836000 JavaThread "Signal Dispatcher" daemon [_thread_blocked, id=12815, stack(0x00007000009b5000,0x0000700000ab5000)]
  0x00007fdfeb01a000 JavaThread "Finalizer" daemon [_thread_blocked, id=12291, stack(0x000070000082f000,0x000070000092f000)]
  0x00007fdfeb000000 JavaThread "Reference Handler" daemon [_thread_blocked, id=11779, stack(0x000070000072c000,0x000070000082c000)]

Other Threads:
  0x00007fdfea832800 VMThread [stack: 0x0000700000629000,0x0000700000729000] [id=11267]
  0x00007fdfea838800 WatcherThread [stack: 0x0000700000ec4000,0x0000700000fc4000] [id=18947]

VM state:not at safepoint (normal execution)

VM Mutex/Monitor currently owned by a thread: None

Heap:
 PSYoungGen      total 65024K, used 15866K [0x00000007aab00000, 0x00000007b1780000, 0x00000007c0000000)
  eden space 50176K, 31% used [0x00000007aab00000,0x00000007aba7ea40,0x00000007adc00000)
  from space 14848K, 0% used [0x00000007adc00000,0x00000007adc00000,0x00000007aea80000)
  to   space 15360K, 0% used [0x00000007b0880000,0x00000007b0880000,0x00000007b1780000)
 ParOldGen       total 73728K, used 43513K [0x0000000780000000, 0x0000000784800000, 0x00000007aab00000)
  object space 73728K, 59% used [0x0000000780000000,0x0000000782a7e718,0x0000000784800000)
 Metaspace       used 20858K, capacity 21067K, committed 21296K, reserved 1069056K
  class space    used 2014K, capacity 2110K, committed 2176K, reserved 1048576K

Card table byte_map: [0x0000000120746000,0x0000000120947000] byte_map_base: 0x000000011cb46000

Marking Bits: (ParMarkBitMap*) 0x0000000110cdde20
 Begin Bits: [0x0000000120a9d000, 0x0000000121a9d000)
 End Bits:   [0x0000000121a9d000, 0x0000000122a9d000)

Polling page: 0x000000010fad8000

CodeCache: size=245760Kb used=8719Kb max_used=8725Kb free=237040Kb
 bounds [0x0000000111386000, 0x0000000111c26000, 0x0000000120386000]
 total_blobs=3297 nmethods=2416 adapters=794
 compilation: enabled

Compilation events (10 events):
Event: 21.071 Thread 0x00007fdfeb00c800 2678       3       sun.awt.SunToolkit::awtUnlock (7 bytes)
Event: 21.072 Thread 0x00007fdfeb00c800 nmethod 2678 0x0000000111c12450 code [0x0000000111c125c0, 0x0000000111c128a8]
Event: 21.073 Thread 0x00007fdfeb00c800 2679       3       sun.java2d.pipe.RenderQueue::unlock (4 bytes)
Event: 21.074 Thread 0x00007fdfeb00c800 nmethod 2679 0x0000000111c11dd0 code [0x0000000111c11f60, 0x0000000111c122c8]
Event: 21.087 Thread 0x00007fdfeb00c800 2680       1       sun.java2d.SurfaceData::isValid (5 bytes)
Event: 21.088 Thread 0x00007fdfeb00c800 nmethod 2680 0x0000000111c0ae50 code [0x0000000111c0afa0, 0x0000000111c0b0b0]
Event: 21.088 Thread 0x00007fdfeb00c000 2681  s    4       sun.misc.URLClassPath::getNextLoader (88 bytes)
Event: 21.100 Thread 0x00007fdfeb00c000 nmethod 2681 0x0000000111c15ed0 code [0x0000000111c16040, 0x0000000111c167b8]
Event: 21.118 Thread 0x00007fdfeb00c800 2682       3       java.util.HashMap::putVal (300 bytes)
Event: 21.119 Thread 0x00007fdfeb00c800 nmethod 2682 0x0000000111c142d0 code [0x0000000111c14540, 0x0000000111c157f8]

GC Heap History (10 events):
Event: 14.299 GC heap before
{Heap before GC invocations=8 (full 0):
 PSYoungGen      total 25600K, used 23936K [0x00000007aab00000, 0x00000007ade00000, 0x00000007c0000000)
  eden space 16384K, 100% used [0x00000007aab00000,0x00000007abb00000,0x00000007abb00000)
  from space 9216K, 81% used [0x00000007abb00000,0x00000007ac2601b0,0x00000007ac400000)
  to   space 9728K, 0% used [0x00000007ad480000,0x00000007ad480000,0x00000007ade00000)
 ParOldGen       total 44032K, used 15970K [0x0000000780000000, 0x0000000782b00000, 0x00000007aab00000)
  object space 44032K, 36% used [0x0000000780000000,0x0000000780f98890,0x0000000782b00000)
 Metaspace       used 20426K, capacity 20651K, committed 20864K, reserved 1069056K
  class space    used 2006K, capacity 2078K, committed 2176K, reserved 1048576K
Event: 14.334 GC heap after
Heap after GC invocations=8 (full 0):
 PSYoungGen      total 41472K, used 9536K [0x00000007aab00000, 0x00000007ae000000, 0x00000007c0000000)
  eden space 31744K, 0% used [0x00000007aab00000,0x00000007aab00000,0x00000007aca00000)
  from space 9728K, 98% used [0x00000007ad480000,0x00000007addd0250,0x00000007ade00000)
  to   space 10752K, 0% used [0x00000007aca00000,0x00000007aca00000,0x00000007ad480000)
 ParOldGen       total 44032K, used 17194K [0x0000000780000000, 0x0000000782b00000, 0x00000007aab00000)
  object space 44032K, 39% used [0x0000000780000000,0x00000007810caba0,0x0000000782b00000)
 Metaspace       used 20426K, capacity 20651K, committed 20864K, reserved 1069056K
  class space    used 2006K, capacity 2078K, committed 2176K, reserved 1048576K
}
Event: 15.625 GC heap before
{Heap before GC invocations=9 (full 0):
 PSYoungGen      total 41472K, used 41278K [0x00000007aab00000, 0x00000007ae000000, 0x00000007c0000000)
  eden space 31744K, 99% used [0x00000007aab00000,0x00000007ac9ff920,0x00000007aca00000)
  from space 9728K, 98% used [0x00000007ad480000,0x00000007addd0250,0x00000007ade00000)
  to   space 10752K, 0% used [0x00000007aca00000,0x00000007aca00000,0x00000007ad480000)
 ParOldGen       total 44032K, used 17194K [0x0000000780000000, 0x0000000782b00000, 0x00000007aab00000)
  object space 44032K, 39% used [0x0000000780000000,0x00000007810caba0,0x0000000782b00000)
 Metaspace       used 20498K, capacity 20715K, committed 20864K, reserved 1069056K
  class space    used 2006K, capacity 2078K, committed 2176K, reserved 1048576K
Event: 15.647 GC heap after
Heap after GC invocations=9 (full 0):
 PSYoungGen      total 42496K, used 10720K [0x00000007aab00000, 0x00000007af800000, 0x00000007c0000000)
  eden space 31744K, 0% used [0x00000007aab00000,0x00000007aab00000,0x00000007aca00000)
  from space 10752K, 99% used [0x00000007aca00000,0x00000007ad4782a0,0x00000007ad480000)
  to   space 13824K, 0% used [0x00000007aea80000,0x00000007aea80000,0x00000007af800000)
 ParOldGen       total 44032K, used 21355K [0x0000000780000000, 0x0000000782b00000, 0x00000007aab00000)
  object space 44032K, 48% used [0x0000000780000000,0x00000007814daca0,0x0000000782b00000)
 Metaspace       used 20498K, capacity 20715K, committed 20864K, reserved 1069056K
  class space    used 2006K, capacity 2078K, committed 2176K, reserved 1048576K
}
Event: 17.404 GC heap before
{Heap before GC invocations=10 (full 0):
 PSYoungGen      total 42496K, used 42405K [0x00000007aab00000, 0x00000007af800000, 0x00000007c0000000)
  eden space 31744K, 99% used [0x00000007aab00000,0x00000007ac9f12e8,0x00000007aca00000)
  from space 10752K, 99% used [0x00000007aca00000,0x00000007ad4782a0,0x00000007ad480000)
  to   space 13824K, 0% used [0x00000007aea80000,0x00000007aea80000,0x00000007af800000)
 ParOldGen       total 44032K, used 21355K [0x0000000780000000, 0x0000000782b00000, 0x00000007aab00000)
  object space 44032K, 48% used [0x0000000780000000,0x00000007814daca0,0x0000000782b00000)
 Metaspace       used 20565K, capacity 20715K, committed 20864K, reserved 1069056K
  class space    used 2006K, capacity 2078K, committed 2176K, reserved 1048576K
Event: 17.429 GC heap after
Heap after GC invocations=10 (full 0):
 PSYoungGen      total 64000K, used 12000K [0x00000007aab00000, 0x00000007afa00000, 0x00000007c0000000)
  eden space 50176K, 0% used [0x00000007aab00000,0x00000007aab00000,0x00000007adc00000)
  from space 13824K, 86% used [0x00000007aea80000,0x00000007af6382e0,0x00000007af800000)
  to   space 14848K, 0% used [0x00000007adc00000,0x00000007adc00000,0x00000007aea80000)
 ParOldGen       total 44032K, used 26019K [0x0000000780000000, 0x0000000782b00000, 0x00000007aab00000)
  object space 44032K, 59% used [0x0000000780000000,0x0000000781968dc0,0x0000000782b00000)
 Metaspace       used 20565K, capacity 20715K, committed 20864K, reserved 1069056K
  class space    used 2006K, capacity 2078K, committed 2176K, reserved 1048576K
}
Event: 20.301 GC heap before
{Heap before GC invocations=11 (full 0):
 PSYoungGen      total 64000K, used 62123K [0x00000007aab00000, 0x00000007afa00000, 0x00000007c0000000)
  eden space 50176K, 99% used [0x00000007aab00000,0x00000007adbf2938,0x00000007adc00000)
  from space 13824K, 86% used [0x00000007aea80000,0x00000007af6382e0,0x00000007af800000)
  to   space 14848K, 0% used [0x00000007adc00000,0x00000007adc00000,0x00000007aea80000)
 ParOldGen       total 44032K, used 26019K [0x0000000780000000, 0x0000000782b00000, 0x00000007aab00000)
  object space 44032K, 59% used [0x0000000780000000,0x0000000781968dc0,0x0000000782b00000)
 Metaspace       used 20792K, capacity 21035K, committed 21296K, reserved 1069056K
  class space    used 2006K, capacity 2078K, committed 2176K, reserved 1048576K
Event: 20.323 GC heap after
Heap after GC invocations=11 (full 0):
 PSYoungGen      total 65024K, used 10272K [0x00000007aab00000, 0x00000007b1780000, 0x00000007c0000000)
  eden space 50176K, 0% used [0x00000007aab00000,0x00000007aab00000,0x00000007adc00000)
  from space 14848K, 69% used [0x00000007adc00000,0x00000007ae608280,0x00000007aea80000)
  to   space 15360K, 0% used [0x00000007b0880000,0x00000007b0880000,0x00000007b1780000)
 ParOldGen       total 44032K, used 37084K [0x0000000780000000, 0x0000000782b00000, 0x00000007aab00000)
  object space 44032K, 84% used [0x0000000780000000,0x0000000782437070,0x0000000782b00000)
 Metaspace       used 20792K, capacity 21035K, committed 21296K, reserved 1069056K
  class space    used 2006K, capacity 2078K, committed 2176K, reserved 1048576K
}
Event: 20.323 GC heap before
{Heap before GC invocations=12 (full 1):
 PSYoungGen      total 65024K, used 10272K [0x00000007aab00000, 0x00000007b1780000, 0x00000007c0000000)
  eden space 50176K, 0% used [0x00000007aab00000,0x00000007aab00000,0x00000007adc00000)
  from space 14848K, 69% used [0x00000007adc00000,0x00000007ae608280,0x00000007aea80000)
  to   space 15360K, 0% used [0x00000007b0880000,0x00000007b0880000,0x00000007b1780000)
 ParOldGen       total 44032K, used 37084K [0x0000000780000000, 0x0000000782b00000, 0x00000007aab00000)
  object space 44032K, 84% used [0x0000000780000000,0x0000000782437070,0x0000000782b00000)
 Metaspace       used 20792K, capacity 21035K, committed 21296K, reserved 1069056K
  class space    used 2006K, capacity 2078K, committed 2176K, reserved 1048576K
Event: 20.449 GC heap after
Heap after GC invocations=12 (full 1):
 PSYoungGen      total 65024K, used 0K [0x00000007aab00000, 0x00000007b1780000, 0x00000007c0000000)
  eden space 50176K, 0% used [0x00000007aab00000,0x00000007aab00000,0x00000007adc00000)
  from space 14848K, 0% used [0x00000007adc00000,0x00000007adc00000,0x00000007aea80000)
  to   space 15360K, 0% used [0x00000007b0880000,0x00000007b0880000,0x00000007b1780000)
 ParOldGen       total 73728K, used 43513K [0x0000000780000000, 0x0000000784800000, 0x00000007aab00000)
  object space 73728K, 59% used [0x0000000780000000,0x0000000782a7e718,0x0000000784800000)
 Metaspace       used 20792K, capacity 21035K, committed 21296K, reserved 1069056K
  class space    used 2006K, capacity 2078K, committed 2176K, reserved 1048576K
}

Deoptimization events (10 events):
Event: 8.309 Thread 0x00007fdfea0e0000 Uncommon trap: reason=unstable_if action=reinterpret pc=0x00000001117a1040 method=com.sun.org.apache.xerces.internal.impl.XMLEntityScanner.scanLiteral(ILcom/sun/org/apache/xerces/internal/xni/XMLString;)I @ 44
Event: 8.543 Thread 0x00007fdfea0e0000 Uncommon trap: reason=class_check action=maybe_recompile pc=0x00000001117ace48 method=com.sun.org.apache.xerces.internal.impl.XMLDocumentScannerImpl.next()I @ 4
Event: 8.842 Thread 0x00007fdfea0e0000 Uncommon trap: reason=unstable_if action=reinterpret pc=0x0000000111835cbc method=com.jogamp.common.util.IntIntHashMap.get(I)I @ 28
Event: 12.026 Thread 0x00007fdfea0e0000 Uncommon trap: reason=unstable_if action=reinterpret pc=0x0000000111929a44 method=de.fhpotsdam.unfolding.core.Coordinate.equals(Ljava/lang/Object;)Z @ 38
Event: 14.172 Thread 0x00007fdfea0e0000 Uncommon trap: reason=unstable_if action=reinterpret pc=0x00000001119003f0 method=sun.misc.FloatingDecimal$BinaryToASCIIBuffer.developLongDigits(IJI)V @ 129
Event: 14.172 Thread 0x00007fdfea0e0000 Uncommon trap: reason=unstable_if action=reinterpret pc=0x00000001118cf798 method=java.text.DecimalFormat.subformat(Ljava/lang/StringBuffer;Ljava/text/Format$FieldDelegate;ZZIIII)Ljava/lang/StringBuffer; @ 753
Event: 14.172 Thread 0x00007fdfea0e0000 Uncommon trap: reason=unstable_if action=reinterpret pc=0x000000011152aa20 method=sun.misc.FloatingDecimal$BinaryToASCIIBuffer.developLongDigits(IJI)V @ 129
Event: 14.172 Thread 0x00007fdfea0e0000 Uncommon trap: reason=unstable_if action=reinterpret pc=0x00000001118d2fa4 method=sun.misc.FloatingDecimal$BinaryToASCIIBuffer.getChars([C)I @ 94
Event: 21.070 Thread 0x00007fdfea0e0000 Uncommon trap: reason=unstable_if action=reinterpret pc=0x0000000111792168 method=com.jogamp.common.util.VersionNumber.compareTo(Lcom/jogamp/common/util/VersionNumber;)I @ 21
Event: 21.086 Thread 0x00007fdfeaa1f000 Uncommon trap: reason=unstable_if action=reinterpret pc=0x00000001117fdc84 method=java.util.HashMap.putVal(ILjava/lang/Object;Ljava/lang/Object;ZZ)Ljava/lang/Object; @ 81

Internal exceptions (10 events):
Event: 0.769 Thread 0x00007fdfea80e000 Exception <a 'java/lang/NoSuchFieldError': method resolution failed> (0x00000007aad545f8) thrown at [/HUDSON3/workspace/8-2-build-macosx-x86_64/jdk8u66/4988/hotspot/src/share/vm/prims/methodHandles.cpp, line 1146]
Event: 0.772 Thread 0x00007fdfea80e000 Exception <a 'java/lang/NoSuchFieldError': method resolution failed> (0x00000007aad61dc8) thrown at [/HUDSON3/workspace/8-2-build-macosx-x86_64/jdk8u66/4988/hotspot/src/share/vm/prims/methodHandles.cpp, line 1146]
Event: 2.832 Thread 0x00007fdfea80e000 Exception <a 'java/io/FileNotFoundException'> (0x00000007aadddc28) thrown at [/HUDSON3/workspace/8-2-build-macosx-x86_64/jdk8u66/4988/hotspot/src/share/vm/prims/jni.cpp, line 709]
Event: 2.832 Thread 0x00007fdfea80e000 Exception <a 'java/io/FileNotFoundException'> (0x00000007aadde7b0) thrown at [/HUDSON3/workspace/8-2-build-macosx-x86_64/jdk8u66/4988/hotspot/src/share/vm/prims/jni.cpp, line 709]
Event: 3.191 Thread 0x00007fdfea80e000 Exception <a 'java/io/FileNotFoundException'> (0x00000007aaed75c8) thrown at [/HUDSON3/workspace/8-2-build-macosx-x86_64/jdk8u66/4988/hotspot/src/share/vm/prims/jni.cpp, line 709]
Event: 6.186 Thread 0x00007fdfeb01a000 Exception <a 'java/lang/NullPointerException'> (0x00000007aabaa828) thrown at [/HUDSON3/workspace/8-2-build-macosx-x86_64/jdk8u66/4988/hotspot/src/share/vm/interpreter/linkResolver.cpp, line 1178]
Event: 6.331 Thread 0x00007fdfeb0fb000 Exception <a 'java/lang/UnsatisfiedLinkError': com.jogamp.common.util.JarUtil.fixNativeLibAttribs(Ljava/lang/String;)Z> (0x00000007ab0c18b8) thrown at [/HUDSON3/workspace/8-2-build-macosx-x86_64/jdk8u66/4988/hotspot/src/share/vm/prims/nativeLookup.cpp, li
Event: 7.439 Thread 0x00007fdfea0e0000 Exception <a 'java/io/FileNotFoundException'> (0x00000007ab53b6c8) thrown at [/HUDSON3/workspace/8-2-build-macosx-x86_64/jdk8u66/4988/hotspot/src/share/vm/prims/jni.cpp, line 709]
Event: 7.439 Thread 0x00007fdfea0e0000 Exception <a 'java/io/FileNotFoundException'> (0x00000007ab5475b0) thrown at [/HUDSON3/workspace/8-2-build-macosx-x86_64/jdk8u66/4988/hotspot/src/share/vm/prims/jni.cpp, line 709]
Event: 7.440 Thread 0x00007fdfea0e0000 Implicit null exception at 0x0000000111536b35 to 0x0000000111536e99

Events (10 events):
Event: 21.117 loading class java/awt/LightweightDispatcher$2 done
Event: 21.117 loading class java/awt/event/AWTEventListenerProxy
Event: 21.117 loading class java/awt/event/AWTEventListenerProxy done
Event: 21.117 loading class java/awt/Toolkit$ToolkitEventMulticaster
Event: 21.117 loading class java/awt/Toolkit$ToolkitEventMulticaster done
Event: 21.117 Executing VM operation: RevokeBias
Event: 21.117 Executing VM operation: RevokeBias done
Event: 21.118 Thread 0x00007fdfeaa1f000 Thread exited: 0x00007fdfeaa1f000
Event: 21.118 loading class java/awt/Window$1DisposeAction
Event: 21.118 loading class java/awt/Window$1DisposeAction done


Dynamic libraries:
0x0000000004a85000 	/System/Library/Frameworks/Cocoa.framework/Versions/A/Cocoa
0x0000000004a85000 	/System/Library/Frameworks/Security.framework/Versions/A/Security
0x0000000004a85000 	/System/Library/Frameworks/ApplicationServices.framework/Versions/A/ApplicationServices
0x0000000004a85000 	/usr/lib/libz.1.dylib
0x0000000004a85000 	/usr/lib/libSystem.B.dylib
0x0000000004a85000 	/usr/lib/libobjc.A.dylib
0x0000000004a85000 	/System/Library/Frameworks/CoreFoundation.framework/Versions/A/CoreFoundation
0x0000000004a85000 	/System/Library/Frameworks/Foundation.framework/Versions/C/Foundation
0x0000000004a85000 	/System/Library/Frameworks/AppKit.framework/Versions/C/AppKit
0x0000000004a85000 	/System/Library/Frameworks/CoreData.framework/Versions/A/CoreData
0x0000000004a85000 	/System/Library/PrivateFrameworks/RemoteViewServices.framework/Versions/A/RemoteViewServices
0x0000000004a85000 	/System/Library/PrivateFrameworks/UIFoundation.framework/Versions/A/UIFoundation
0x0000000004a85000 	/usr/lib/libScreenReader.dylib
0x0000000004a85000 	/System/Library/Frameworks/Accelerate.framework/Versions/A/Accelerate
0x0000000004a85000 	/System/Library/Frameworks/IOSurface.framework/Versions/A/IOSurface
0x0000000004a85000 	/System/Library/Frameworks/AudioToolbox.framework/Versions/A/AudioToolbox
0x0000000004a85000 	/System/Library/Frameworks/AudioUnit.framework/Versions/A/AudioUnit
0x0000000004a85000 	/System/Library/PrivateFrameworks/DataDetectorsCore.framework/Versions/A/DataDetectorsCore
0x0000000004a85000 	/System/Library/PrivateFrameworks/DesktopServicesPriv.framework/Versions/A/DesktopServicesPriv
0x0000000004a85000 	/System/Library/Frameworks/Carbon.framework/Versions/A/Frameworks/HIToolbox.framework/Versions/A/HIToolbox
0x0000000004a85000 	/System/Library/Frameworks/QuartzCore.framework/Versions/A/QuartzCore
0x0000000004a85000 	/System/Library/Frameworks/Carbon.framework/Versions/A/Frameworks/SpeechRecognition.framework/Versions/A/SpeechRecognition
0x0000000004a85000 	/usr/lib/libauto.dylib
0x0000000004a85000 	/usr/lib/libicucore.A.dylib
0x0000000004a85000 	/usr/lib/libxml2.2.dylib
0x0000000004a85000 	/System/Library/PrivateFrameworks/CoreUI.framework/Versions/A/CoreUI
0x0000000004a85000 	/System/Library/Frameworks/CoreAudio.framework/Versions/A/CoreAudio
0x0000000004a85000 	/System/Library/Frameworks/DiskArbitration.framework/Versions/A/DiskArbitration
0x0000000004a85000 	/usr/lib/liblangid.dylib
0x0000000004a85000 	/System/Library/PrivateFrameworks/MultitouchSupport.framework/Versions/A/MultitouchSupport
0x0000000004a85000 	/System/Library/Frameworks/IOKit.framework/Versions/A/IOKit
0x0000000004a85000 	/usr/lib/libDiagnosticMessagesClient.dylib
0x0000000004a85000 	/System/Library/Frameworks/CoreServices.framework/Versions/A/CoreServices
0x0000000004a85000 	/System/Library/PrivateFrameworks/PerformanceAnalysis.framework/Versions/A/PerformanceAnalysis
0x0000000004a85000 	/System/Library/PrivateFrameworks/GenerationalStorage.framework/Versions/A/GenerationalStorage
0x0000000004a85000 	/System/Library/Frameworks/OpenGL.framework/Versions/A/OpenGL
0x0000000004a85000 	/System/Library/PrivateFrameworks/Sharing.framework/Versions/A/Sharing
0x0000000004a85000 	/System/Library/Frameworks/CoreGraphics.framework/Versions/A/CoreGraphics
0x0000000004a85000 	/System/Library/Frameworks/CoreImage.framework/Versions/A/CoreImage
0x0000000004a85000 	/System/Library/Frameworks/CoreText.framework/Versions/A/CoreText
0x0000000004a85000 	/System/Library/Frameworks/ImageIO.framework/Versions/A/ImageIO
0x0000000004a85000 	/System/Library/PrivateFrameworks/Backup.framework/Versions/A/Backup
0x0000000004a85000 	/usr/lib/libextension.dylib
0x0000000004a85000 	/usr/lib/libarchive.2.dylib
0x0000000004a85000 	/System/Library/Frameworks/CFNetwork.framework/Versions/A/CFNetwork
0x0000000004a85000 	/System/Library/Frameworks/SystemConfiguration.framework/Versions/A/SystemConfiguration
0x0000000004a85000 	/usr/lib/libCRFSuite.dylib
0x0000000004a85000 	/usr/lib/libc++.1.dylib
0x0000000004a85000 	/usr/lib/libc++abi.dylib
0x0000000004a85000 	/usr/lib/system/libcache.dylib
0x0000000004a85000 	/usr/lib/system/libcommonCrypto.dylib
0x0000000004a85000 	/usr/lib/system/libcompiler_rt.dylib
0x0000000004a85000 	/usr/lib/system/libcopyfile.dylib
0x0000000004a85000 	/usr/lib/system/libcorecrypto.dylib
0x0000000004a85000 	/usr/lib/system/libdispatch.dylib
0x0000000004a85000 	/usr/lib/system/libdyld.dylib
0x0000000004a85000 	/usr/lib/system/libkeymgr.dylib
0x0000000004a85000 	/usr/lib/system/liblaunch.dylib
0x0000000004a85000 	/usr/lib/system/libmacho.dylib
0x0000000004a85000 	/usr/lib/system/libquarantine.dylib
0x0000000004a85000 	/usr/lib/system/libremovefile.dylib
0x0000000004a85000 	/usr/lib/system/libsystem_asl.dylib
0x0000000004a85000 	/usr/lib/system/libsystem_blocks.dylib
0x0000000004a85000 	/usr/lib/system/libsystem_c.dylib
0x0000000004a85000 	/usr/lib/system/libsystem_configuration.dylib
0x0000000004a85000 	/usr/lib/system/libsystem_coreservices.dylib
0x0000000004a85000 	/usr/lib/system/libsystem_coretls.dylib
0x0000000004a85000 	/usr/lib/system/libsystem_dnssd.dylib
0x0000000004a85000 	/usr/lib/system/libsystem_info.dylib
0x0000000004a85000 	/usr/lib/system/libsystem_kernel.dylib
0x0000000004a85000 	/usr/lib/system/libsystem_m.dylib
0x0000000004a85000 	/usr/lib/system/libsystem_malloc.dylib
0x0000000004a85000 	/usr/lib/system/libsystem_network.dylib
0x0000000004a85000 	/usr/lib/system/libsystem_networkextension.dylib
0x0000000004a85000 	/usr/lib/system/libsystem_notify.dylib
0x0000000004a85000 	/usr/lib/system/libsystem_platform.dylib
0x0000000004a85000 	/usr/lib/system/libsystem_pthread.dylib
0x0000000004a85000 	/usr/lib/system/libsystem_sandbox.dylib
0x0000000004a85000 	/usr/lib/system/libsystem_secinit.dylib
0x0000000004a85000 	/usr/lib/system/libsystem_trace.dylib
0x0000000004a85000 	/usr/lib/system/libunc.dylib
0x0000000004a85000 	/usr/lib/system/libunwind.dylib
0x0000000004a85000 	/usr/lib/system/libxpc.dylib
0x0000000004a85000 	/usr/lib/libenergytrace.dylib
0x0000000004a85000 	/usr/lib/libbsm.0.dylib
0x0000000004a85000 	/usr/lib/system/libkxld.dylib
0x0000000004a85000 	/usr/lib/libxar.1.dylib
0x0000000004a85000 	/usr/lib/libsqlite3.dylib
0x0000000004a85000 	/usr/lib/libpam.2.dylib
0x0000000004a85000 	/usr/lib/libOpenScriptingUtil.dylib
0x0000000004a85000 	/usr/lib/libbz2.1.0.dylib
0x0000000004a85000 	/usr/lib/liblzma.5.dylib
0x0000000004a85000 	/System/Library/Frameworks/CoreServices.framework/Versions/A/Frameworks/FSEvents.framework/Versions/A/FSEvents
0x0000000004a85000 	/System/Library/Frameworks/CoreServices.framework/Versions/A/Frameworks/CarbonCore.framework/Versions/A/CarbonCore
0x0000000004a85000 	/System/Library/Frameworks/CoreServices.framework/Versions/A/Frameworks/Metadata.framework/Versions/A/Metadata
0x0000000004a85000 	/System/Library/Frameworks/CoreServices.framework/Versions/A/Frameworks/OSServices.framework/Versions/A/OSServices
0x0000000004a85000 	/System/Library/Frameworks/CoreServices.framework/Versions/A/Frameworks/SearchKit.framework/Versions/A/SearchKit
0x0000000004a85000 	/System/Library/Frameworks/CoreServices.framework/Versions/A/Frameworks/AE.framework/Versions/A/AE
0x0000000004a85000 	/System/Library/Frameworks/CoreServices.framework/Versions/A/Frameworks/LaunchServices.framework/Versions/A/LaunchServices
0x0000000004a85000 	/System/Library/Frameworks/CoreServices.framework/Versions/A/Frameworks/DictionaryServices.framework/Versions/A/DictionaryServices
0x0000000004a85000 	/System/Library/Frameworks/CoreServices.framework/Versions/A/Frameworks/SharedFileList.framework/Versions/A/SharedFileList
0x0000000004a85000 	/System/Library/Frameworks/NetFS.framework/Versions/A/NetFS
0x0000000004a85000 	/System/Library/PrivateFrameworks/NetAuth.framework/Versions/A/NetAuth
0x0000000004a85000 	/System/Library/PrivateFrameworks/login.framework/Versions/A/Frameworks/loginsupport.framework/Versions/A/loginsupport
0x0000000004a85000 	/System/Library/PrivateFrameworks/TCC.framework/Versions/A/TCC
0x0000000004a85000 	/usr/lib/libmecabra.dylib
0x0000000004a85000 	/System/Library/Frameworks/ApplicationServices.framework/Versions/A/Frameworks/ATS.framework/Versions/A/ATS
0x0000000004a85000 	/System/Library/Frameworks/ApplicationServices.framework/Versions/A/Frameworks/ColorSync.framework/Versions/A/ColorSync
0x0000000004a85000 	/System/Library/Frameworks/ApplicationServices.framework/Versions/A/Frameworks/HIServices.framework/Versions/A/HIServices
0x0000000004a85000 	/System/Library/Frameworks/ApplicationServices.framework/Versions/A/Frameworks/LangAnalysis.framework/Versions/A/LangAnalysis
0x0000000004a85000 	/System/Library/Frameworks/ApplicationServices.framework/Versions/A/Frameworks/PrintCore.framework/Versions/A/PrintCore
0x0000000004a85000 	/System/Library/Frameworks/ApplicationServices.framework/Versions/A/Frameworks/QD.framework/Versions/A/QD
0x0000000004a85000 	/System/Library/Frameworks/ApplicationServices.framework/Versions/A/Frameworks/SpeechSynthesis.framework/Versions/A/SpeechSynthesis
0x0000000004a85000 	/System/Library/Frameworks/Metal.framework/Versions/A/Metal
0x0000000004a85000 	/System/Library/Frameworks/Accelerate.framework/Versions/A/Frameworks/vImage.framework/Versions/A/vImage
0x0000000004a85000 	/System/Library/Frameworks/Accelerate.framework/Versions/A/Frameworks/vecLib.framework/Versions/A/vecLib
0x0000000004a85000 	/System/Library/Frameworks/Accelerate.framework/Versions/A/Frameworks/vecLib.framework/Versions/A/libvDSP.dylib
0x0000000004a85000 	/System/Library/Frameworks/Accelerate.framework/Versions/A/Frameworks/vecLib.framework/Versions/A/libvMisc.dylib
0x0000000004a85000 	/System/Library/Frameworks/Accelerate.framework/Versions/A/Frameworks/vecLib.framework/Versions/A/libLAPACK.dylib
0x0000000004a85000 	/System/Library/Frameworks/Accelerate.framework/Versions/A/Frameworks/vecLib.framework/Versions/A/libBLAS.dylib
0x0000000004a85000 	/System/Library/Frameworks/Accelerate.framework/Versions/A/Frameworks/vecLib.framework/Versions/A/libLinearAlgebra.dylib
0x0000000004a85000 	/System/Library/Frameworks/Accelerate.framework/Versions/A/Frameworks/vecLib.framework/Versions/A/libSparseBLAS.dylib
0x0000000004a85000 	/System/Library/PrivateFrameworks/GPUCompiler.framework/libmetal_timestamp.dylib
0x0000000004a85000 	/System/Library/Frameworks/OpenGL.framework/Versions/A/Libraries/libCoreFSCache.dylib
0x0000000004a85000 	/System/Library/PrivateFrameworks/IOAccelerator.framework/Versions/A/IOAccelerator
0x0000000004a85000 	/System/Library/Frameworks/ApplicationServices.framework/Versions/A/Frameworks/ATS.framework/Versions/A/Resources/libFontParser.dylib
0x0000000004a85000 	/System/Library/Frameworks/ApplicationServices.framework/Versions/A/Frameworks/ATS.framework/Versions/A/Resources/libFontRegistry.dylib
0x0000000004a85000 	/System/Library/PrivateFrameworks/AppleVPA.framework/Versions/A/AppleVPA
0x0000000004a85000 	/System/Library/PrivateFrameworks/AppleJPEG.framework/Versions/A/AppleJPEG
0x0000000004a85000 	/System/Library/Frameworks/ImageIO.framework/Versions/A/Resources/libJPEG.dylib
0x0000000004a85000 	/System/Library/Frameworks/ImageIO.framework/Versions/A/Resources/libTIFF.dylib
0x0000000004a85000 	/System/Library/Frameworks/ImageIO.framework/Versions/A/Resources/libPng.dylib
0x0000000004a85000 	/System/Library/Frameworks/ImageIO.framework/Versions/A/Resources/libGIF.dylib
0x0000000004a85000 	/System/Library/Frameworks/ImageIO.framework/Versions/A/Resources/libJP2.dylib
0x0000000004a85000 	/System/Library/Frameworks/ImageIO.framework/Versions/A/Resources/libRadiance.dylib
0x0000000004a85000 	/System/Library/Frameworks/CoreVideo.framework/Versions/A/CoreVideo
0x0000000004a85000 	/System/Library/Frameworks/OpenGL.framework/Versions/A/Libraries/libGLU.dylib
0x0000000004a85000 	/System/Library/Frameworks/OpenGL.framework/Versions/A/Libraries/libGFXShared.dylib
0x0000000004a85000 	/System/Library/Frameworks/OpenGL.framework/Versions/A/Libraries/libGL.dylib
0x0000000004a85000 	/System/Library/Frameworks/OpenGL.framework/Versions/A/Libraries/libGLImage.dylib
0x0000000004a85000 	/System/Library/Frameworks/OpenGL.framework/Versions/A/Libraries/libCVMSPluginSupport.dylib
0x0000000004a85000 	/System/Library/Frameworks/OpenGL.framework/Versions/A/Libraries/libCoreVMClient.dylib
0x0000000004a85000 	/usr/lib/libcups.2.dylib
0x0000000004a85000 	/System/Library/Frameworks/Kerberos.framework/Versions/A/Kerberos
0x0000000004a85000 	/System/Library/Frameworks/GSS.framework/Versions/A/GSS
0x0000000004a85000 	/usr/lib/libresolv.9.dylib
0x0000000004a85000 	/usr/lib/libiconv.2.dylib
0x0000000004a85000 	/System/Library/PrivateFrameworks/Heimdal.framework/Versions/A/Heimdal
0x0000000004a85000 	/usr/lib/libheimdal-asn1.dylib
0x0000000004a85000 	/System/Library/Frameworks/OpenDirectory.framework/Versions/A/OpenDirectory
0x0000000004a85000 	/System/Library/PrivateFrameworks/CommonAuth.framework/Versions/A/CommonAuth
0x0000000004a85000 	/System/Library/Frameworks/OpenDirectory.framework/Versions/A/Frameworks/CFOpenDirectory.framework/Versions/A/CFOpenDirectory
0x0000000004a85000 	/System/Library/Frameworks/SecurityFoundation.framework/Versions/A/SecurityFoundation
0x0000000004a85000 	/System/Library/PrivateFrameworks/LanguageModeling.framework/Versions/A/LanguageModeling
0x0000000004a85000 	/usr/lib/libmarisa.dylib
0x0000000004a85000 	/usr/lib/libChineseTokenizer.dylib
0x0000000004a85000 	/usr/lib/libcmph.dylib
0x0000000004a85000 	/usr/lib/libcompression.dylib
0x0000000004a85000 	/System/Library/Frameworks/ServiceManagement.framework/Versions/A/ServiceManagement
0x0000000004a85000 	/usr/lib/libxslt.1.dylib
0x0000000004a85000 	/System/Library/Frameworks/Carbon.framework/Versions/A/Frameworks/Ink.framework/Versions/A/Ink
0x0000000004a85000 	/usr/lib/libFosl_dynamic.dylib
0x0000000004a85000 	/System/Library/PrivateFrameworks/FaceCore.framework/Versions/A/FaceCore
0x0000000004a85000 	/System/Library/Frameworks/OpenCL.framework/Versions/A/OpenCL
0x0000000004a85000 	/System/Library/PrivateFrameworks/CrashReporterSupport.framework/Versions/A/CrashReporterSupport
0x0000000004a85000 	/System/Library/PrivateFrameworks/IconServices.framework/Versions/A/IconServices
0x0000000004a85000 	/System/Library/PrivateFrameworks/Apple80211.framework/Versions/A/Apple80211
0x0000000004a85000 	/System/Library/Frameworks/CoreWLAN.framework/Versions/A/CoreWLAN
0x0000000004a85000 	/System/Library/Frameworks/IOBluetooth.framework/Versions/A/IOBluetooth
0x0000000004a85000 	/System/Library/PrivateFrameworks/CoreWiFi.framework/Versions/A/CoreWiFi
0x0000000004a85000 	/System/Library/Frameworks/CoreBluetooth.framework/Versions/A/CoreBluetooth
0x0000000004a85000 	/System/Library/PrivateFrameworks/ChunkingLibrary.framework/Versions/A/ChunkingLibrary
0x0000000004a85000 	/System/Library/PrivateFrameworks/DebugSymbols.framework/Versions/A/DebugSymbols
0x0000000004a85000 	/System/Library/PrivateFrameworks/CoreSymbolication.framework/Versions/A/CoreSymbolication
0x0000000004a85000 	/System/Library/PrivateFrameworks/Symbolication.framework/Versions/A/Symbolication
0x0000000004a85000 	/System/Library/PrivateFrameworks/SpeechRecognitionCore.framework/Versions/A/SpeechRecognitionCore
0x0000000110400000 	/Library/Java/JavaVirtualMachines/jdk1.8.0_66.jdk/Contents/Home/jre/lib/server/libjvm.dylib
0x0000000004a85000 	/usr/lib/libstdc++.6.dylib
0x000000010fa95000 	/Library/Java/JavaVirtualMachines/jdk1.8.0_66.jdk/Contents/Home/jre/lib/libverify.dylib
0x000000010faa3000 	/Library/Java/JavaVirtualMachines/jdk1.8.0_66.jdk/Contents/Home/jre/lib/libjava.dylib
0x000000010fae2000 	/Library/Java/JavaVirtualMachines/jdk1.8.0_66.jdk/Contents/Home/jre/lib/libzip.dylib
0x0000000124672000 	/System/Library/Frameworks/JavaVM.framework/Frameworks/JavaRuntimeSupport.framework/JavaRuntimeSupport
0x000000012468d000 	/System/Library/Frameworks/JavaVM.framework/Versions/A/Frameworks/JavaNativeFoundation.framework/Versions/A/JavaNativeFoundation
0x00000001246a2000 	/System/Library/Frameworks/JavaVM.framework/Versions/A/JavaVM
0x0000000004a85000 	/System/Library/Frameworks/Carbon.framework/Versions/A/Carbon
0x00000001246af000 	/System/Library/PrivateFrameworks/JavaLaunching.framework/Versions/A/JavaLaunching
0x0000000004a85000 	/System/Library/Frameworks/Carbon.framework/Versions/A/Frameworks/CommonPanels.framework/Versions/A/CommonPanels
0x0000000004a85000 	/System/Library/Frameworks/Carbon.framework/Versions/A/Frameworks/Help.framework/Versions/A/Help
0x0000000004a85000 	/System/Library/Frameworks/Carbon.framework/Versions/A/Frameworks/ImageCapture.framework/Versions/A/ImageCapture
0x0000000004a85000 	/System/Library/Frameworks/Carbon.framework/Versions/A/Frameworks/OpenScripting.framework/Versions/A/OpenScripting
0x0000000004a85000 	/System/Library/Frameworks/Carbon.framework/Versions/A/Frameworks/Print.framework/Versions/A/Print
0x0000000004a85000 	/System/Library/Frameworks/Carbon.framework/Versions/A/Frameworks/SecurityHI.framework/Versions/A/SecurityHI
0x0000000126005000 	/Library/Java/JavaVirtualMachines/jdk1.8.0_66.jdk/Contents/Home/jre/lib/libawt.dylib
0x00000001260ad000 	/Library/Java/JavaVirtualMachines/jdk1.8.0_66.jdk/Contents/Home/jre/lib/./libmlib_image.dylib
0x0000000126179000 	/Library/Java/JavaVirtualMachines/jdk1.8.0_66.jdk/Contents/Home/jre/lib/libawt_lwawt.dylib
0x000000012622e000 	/Library/Java/JavaVirtualMachines/jdk1.8.0_66.jdk/Contents/Home/jre/lib/./libosxapp.dylib
0x0000000004a85000 	/System/Library/Frameworks/ExceptionHandling.framework/Versions/A/ExceptionHandling
0x0000000004a85000 	/System/Library/PrivateFrameworks/CoreServicesInternal.framework/Versions/A/CoreServicesInternal
0x0000000004a85000 	/System/Library/Frameworks/CoreGraphics.framework/Versions/A/Resources/libRIP.A.dylib
0x0000000004a85000 	/System/Library/Frameworks/Accelerate.framework/Versions/A/Frameworks/vImage.framework/Versions/A/Libraries/libCGInterfaces.dylib
0x0000000004a85000 	/System/Library/Frameworks/CoreGraphics.framework/Versions/A/Resources/libCGXType.A.dylib
0x0000000004a85000 	/System/Library/Frameworks/OpenCL.framework/Versions/A/Libraries/libcldcpuengine.dylib
0x0000000004a85000 	/System/Library/PrivateFrameworks/DiskImages.framework/Versions/A/DiskImages
0x0000000004a85000 	/System/Library/Frameworks/DiscRecording.framework/Versions/A/DiscRecording
0x0000000004a85000 	/usr/lib/libcsfde.dylib
0x0000000004a85000 	/usr/lib/libcurl.4.dylib
0x0000000004a85000 	/System/Library/PrivateFrameworks/MediaKit.framework/Versions/A/MediaKit
0x0000000004a85000 	/System/Library/PrivateFrameworks/ProtectedCloudStorage.framework/Versions/A/ProtectedCloudStorage
0x0000000004a85000 	/usr/lib/libCoreStorage.dylib
0x0000000004a85000 	/System/Library/PrivateFrameworks/EFILogin.framework/Versions/A/EFILogin
0x0000000004a85000 	/usr/lib/libutil.dylib
0x0000000004a85000 	/System/Library/PrivateFrameworks/FindMyDevice.framework/Versions/A/FindMyDevice
0x0000000004a85000 	/System/Library/Frameworks/LDAP.framework/Versions/A/LDAP
0x0000000004a85000 	/usr/lib/libsasl2.2.dylib
0x0000000004a85000 	/System/Library/PrivateFrameworks/CoreDaemon.framework/Versions/B/CoreDaemon
0x0000000004a85000 	/usr/lib/libcrypto.0.9.8.dylib
0x0000000004a85000 	/System/Library/PrivateFrameworks/AppleSRP.framework/Versions/A/AppleSRP
0x0000000004a85000 	/System/Library/PrivateFrameworks/TrustEvaluationAgent.framework/Versions/A/TrustEvaluationAgent
0x0000000127a98000 	cl_kernels
0x0000000004a85000 	/System/Library/Frameworks/OpenCL.framework/Versions/A/Libraries/ImageFormats/unorm8_bgra.dylib
0x0000000004a85000 	/System/Library/Frameworks/OpenCL.framework/Versions/A/Libraries/ImageFormats/unorm8_rgba.dylib
0x0000000004a85000 	/System/Library/PrivateFrameworks/FamilyControls.framework/Versions/A/FamilyControls
0x0000000004a85000 	/System/Library/PrivateFrameworks/CommerceKit.framework/Versions/A/Frameworks/CommerceCore.framework/Versions/A/CommerceCore
0x0000000004a85000 	/System/Library/PrivateFrameworks/SystemAdministration.framework/Versions/A/SystemAdministration
0x0000000004a85000 	/System/Library/PrivateFrameworks/AppContainer.framework/Versions/A/AppContainer
0x0000000004a85000 	/System/Library/PrivateFrameworks/SecCodeWrapper.framework/Versions/A/SecCodeWrapper
0x0000000004a85000 	/System/Library/Frameworks/DirectoryService.framework/Versions/A/DirectoryService
0x0000000004a85000 	/System/Library/PrivateFrameworks/LoginUIKit.framework/Versions/A/Frameworks/LoginUICore.framework/Versions/A/LoginUICore
0x0000000004a85000 	/usr/lib/libodfde.dylib
0x0000000004a85000 	/System/Library/Frameworks/OpenGL.framework/Versions/A/Resources/GLEngine.bundle/GLEngine
0x0000000004a85000 	/System/Library/Frameworks/OpenGL.framework/Versions/A/Libraries/libGLProgrammability.dylib
0x0000000128ad5000 	/System/Library/Extensions/AppleIntelHD4000GraphicsGLDriver.bundle/Contents/MacOS/AppleIntelHD4000GraphicsGLDriver
0x0000000004a85000 	/System/Library/PrivateFrameworks/GPUSupport.framework/Versions/A/Libraries/libGPUSupportMercury.dylib
0x0000000004a85000 	/System/Library/Frameworks/OpenGL.framework/Versions/A/Resources/GLRendererFloat.bundle/GLRendererFloat
0x0000000129a3f000 	/Library/Java/JavaVirtualMachines/jdk1.8.0_66.jdk/Contents/Home/jre/lib/libfontmanager.dylib
0x000000012aeba000 	/Library/Java/JavaVirtualMachines/jdk1.8.0_66.jdk/Contents/Home/jre/lib/libosxui.dylib
0x000000012bae2000 	/Library/Java/JavaVirtualMachines/jdk1.8.0_66.jdk/Contents/Home/jre/lib/libnet.dylib
0x000000012baf9000 	/Library/Java/JavaVirtualMachines/jdk1.8.0_66.jdk/Contents/Home/jre/lib/libnio.dylib
0x0000000004a85000 	/System/Library/Frameworks/ApplicationServices.framework/Versions/A/Frameworks/ATS.framework/Versions/A/Resources/libTrueTypeScaler.dylib
0x000000019015e000 	/System/Library/Extensions/AppleIntelHD4000GraphicsMTLDriver.bundle/Contents/MacOS/AppleIntelHD4000GraphicsMTLDriver
0x0000000127051000 	/private/var/folders/v7/m_7hp0g111n_0hjcbnqwrbd80000gn/T/jogamp_0000/file_cache/jln5631057433640470948/jln7764432902614346894/libgluegen-rt.jnilib
0x0000000127056000 	/private/var/folders/v7/m_7hp0g111n_0hjcbnqwrbd80000gn/T/jogamp_0000/file_cache/jln5631057433640470948/jln7764432902614346894/libnativewindow_awt.jnilib
0x0000000127059000 	/Library/Java/JavaVirtualMachines/jdk1.8.0_66.jdk/Contents/Home/jre/lib/libjawt.dylib
0x000000012705c000 	/private/var/folders/v7/m_7hp0g111n_0hjcbnqwrbd80000gn/T/jogamp_0000/file_cache/jln5631057433640470948/jln7764432902614346894/libnativewindow_macosx.jnilib
0x0000000192063000 	/private/var/folders/v7/m_7hp0g111n_0hjcbnqwrbd80000gn/T/jogamp_0000/file_cache/jln5631057433640470948/jln7764432902614346894/libjogl_desktop.jnilib

VM Arguments:
jvm_args: -Djava.security.policy=java.policy.applet -Dfile.encoding=UTF-8 
java_command: sun.applet.AppletViewer module3.EarthquakeCityMap1455498490346.html
java_class_path (initial): /Users/eliyahudorsky/Desktop/Basic Information/Parnasa/Coding/Coding Education/Java Course/Workspace/UCSDUnfoldingMaps/build:/Users/eliyahudorsky/Desktop/Basic Information/Parnasa/Coding/Coding Education/Java Course/Workspace/UCSDUnfoldingMaps/lib/core.jar:/Users/eliyahudorsky/Desktop/Basic Information/Parnasa/Coding/Coding Education/Java Course/Workspace/UCSDUnfoldingMaps/lib/gluegen-rt.jar:/Users/eliyahudorsky/Desktop/Basic Information/Parnasa/Coding/Coding Education/Java Course/Workspace/UCSDUnfoldingMaps/lib/jogl-all.jar:/Users/eliyahudorsky/Desktop/Basic Information/Parnasa/Coding/Coding Education/Java Course/Workspace/UCSDUnfoldingMaps/lib/log4j-1.2.15.jar:/Users/eliyahudorsky/Desktop/Basic Information/Parnasa/Coding/Coding Education/Java Course/Workspace/UCSDUnfoldingMaps/lib/sqlite-jdbc-3.7.2.jar:/Users/eliyahudorsky/Desktop/Basic Information/Parnasa/Coding/Coding Education/Java Course/Workspace/UCSDUnfoldingMaps/lib/json4processing.jar:/Users/eliyahudorsky/Desktop/Basic Information/Parnasa/Coding/Coding Education/Java Course/Workspace/UCSDUnfoldingMaps/lib/libTUIO.jar:/Users/eliyahudorsky/Desktop/Basic Information/Parnasa/Coding/Coding Education/Java Course/Workspace/UCSDUnfoldingMaps/lib/unfolding.0.9.7-uscd.jar
Launcher Type: SUN_STANDARD

Environment Variables:
PATH=/usr/bin:/bin:/usr/sbin:/sbin
SHELL=/bin/bash

Signal Handlers:
SIGSEGV: [libjvm.dylib+0x5a65d5], sa_mask[0]=11111111011111110111111111111111, sa_flags=SA_ONSTACK|SA_RESTART|SA_SIGINFO
SIGBUS: [libjvm.dylib+0x5a65d5], sa_mask[0]=11111111011111110111111111111111, sa_flags=SA_RESTART|SA_SIGINFO
SIGFPE: [libjvm.dylib+0x4802e8], sa_mask[0]=11111111011111110111111111111111, sa_flags=SA_RESTART|SA_SIGINFO
SIGPIPE: [libjvm.dylib+0x4802e8], sa_mask[0]=11111111011111110111111111111111, sa_flags=SA_RESTART|SA_SIGINFO
SIGXFSZ: [libjvm.dylib+0x4802e8], sa_mask[0]=11111111011111110111111111111111, sa_flags=SA_RESTART|SA_SIGINFO
SIGILL: [libjvm.dylib+0x4802e8], sa_mask[0]=11111111011111110111111111111111, sa_flags=SA_RESTART|SA_SIGINFO
SIGUSR1: SIG_DFL, sa_mask[0]=00000000000000000000000000000000, sa_flags=none
SIGUSR2: [libjvm.dylib+0x47fe06], sa_mask[0]=00100000000000000000000000000000, sa_flags=SA_RESTART|SA_SIGINFO
SIGHUP: [libjvm.dylib+0x47e3dd], sa_mask[0]=11111111011111110111111111111111, sa_flags=SA_RESTART|SA_SIGINFO
SIGINT: [libjvm.dylib+0x47e3dd], sa_mask[0]=11111111011111110111111111111111, sa_flags=SA_RESTART|SA_SIGINFO
SIGTERM: [libjvm.dylib+0x47e3dd], sa_mask[0]=11111111011111110111111111111111, sa_flags=SA_RESTART|SA_SIGINFO
SIGQUIT: [libjvm.dylib+0x47e3dd], sa_mask[0]=11111111011111110111111111111111, sa_flags=SA_RESTART|SA_SIGINFO


---------------  S Y S T E M  ---------------

OS:Bsduname:Darwin 15.0.0 Darwin Kernel Version 15.0.0: Sat Sep 19 15:53:46 PDT 2015; root:xnu-3247.10.11~1/RELEASE_X86_64 x86_64
rlimit: STACK 8192k, CORE 0k, NPROC 709, NOFILE 10240, AS infinity
load average:2.19 1.85 1.89

CPU:total 4 (2 cores per cpu, 2 threads per core) family 6 model 58 stepping 9, cmov, cx8, fxsr, mmx, sse, sse2, sse3, ssse3, sse4.1, sse4.2, popcnt, avx, aes, clmul, erms, ht, tsc, tscinvbit, tscinv

Memory: 4k page, physical 4194304k(164404k free)

/proc/meminfo:


vm_info: Java HotSpot(TM) 64-Bit Server VM (25.66-b17) for bsd-amd64 JRE (1.8.0_66-b17), built on Oct  6 2015 16:09:13 by "java_re" with gcc 4.2.1 (Based on Apple Inc. build 5658) (LLVM build 2336.11.00)

time: Sun Feb 14 20:08:31 2016
elapsed time: 21 seconds (0d 0h 0m 21s)

