#
# A fatal error has been detected by the Java Runtime Environment:
#
#  SIGSEGV (0xb) at pc=0x00007fff89783e5d, pid=50304, tid=2571
#
# JRE version: Java(TM) SE Runtime Environment (8.0_66-b17) (build 1.8.0_66-b17)
# Java VM: Java HotSpot(TM) 64-Bit Server VM (25.66-b17 mixed mode bsd-amd64 compressed oops)
# Problematic frame:
# C  [libobjc.A.dylib+0x7e5d]  objc_msgSend+0x1d
#
# Failed to write core dump. Core dumps have been disabled. To enable core dumping, try "ulimit -c unlimited" before starting Java again
#
# If you would like to submit a bug report, please visit:
#   http://bugreport.java.com/bugreport/crash.jsp
# The crash happened outside the Java Virtual Machine in native code.
# See problematic frame for where to report the bug.
#

---------------  T H R E A D  ---------------

Current thread (0x00007f97aa8bb000):  JavaThread "AWT-AppKit" daemon [_thread_in_native, id=2571, stack(0x00007fff58dc4000,0x00007fff595c4000)]

siginfo: si_signo: 11 (SIGSEGV), si_code: 1 (SEGV_MAPERR), si_addr: 0x0000000000000018

Registers:
RAX=0x00007f97aec62bc0, RBX=0x000000011de79450, RCX=0x000000011de8eb60, RDX=0x000000011de8efc0
RSP=0x00007fff595bf208, RBP=0x00007fff595bf2c0, RSI=0x00007fff87b02d0e, RDI=0x00007f97aa67a760
R8 =0x0000000000000000, R9 =0x0000000000000810, R10=0x00007fff87b02d0e, R11=0x0000000000000000
R12=0x0000000000000000, R13=0x0000000188ebba98, R14=0x000000011de79440, R15=0x00007f97aa8bb000
RIP=0x00007fff89783e5d, EFLAGS=0x0000000000010246, ERR=0x0000000000000004
  TRAPNO=0x000000000000000e

Top of Stack: (sp=0x00007fff595bf208)
0x00007fff595bf208:   000000011de77157 00007fff595bf260
0x00007fff595bf218:   0000000000000003 00007fff595bf240
0x00007fff595bf228:   00000001073f11f6 0000000188ebba98
0x00007fff595bf238:   0000000188ebba98 00007f97aec62bc0
0x00007fff595bf248:   000000011de796a0 000000011de79710
0x00007fff595bf258:   00007fff78462740 00007fff77fca4c0
0x00007fff595bf268:   000000011de79450 000000011de79690
0x00007fff595bf278:   00007f97aec62bc0 00007f97aa67a760
0x00007fff595bf288:   00007f97aebcd880 00007f97aec62bc0
0x00007fff595bf298:   00007f97aa67a760 00007fff595bf348
0x00007fff595bf2a8:   00007f97aa8bb1f8 0000000188ebba98
0x00007fff595bf2b8:   00007fff595bf370 00007fff595bf338
0x00007fff595bf2c8:   000000010819b954 0000000188ebba98
0x00007fff595bf2d8:   00007fff595bf370 00007fff595bf338
0x00007fff595bf2e8:   000000010819b6e7 000000010819b6a2
0x00007fff595bf2f8:   00007fff595bf2f8 0000000188ebba98
0x00007fff595bf308:   00007fff595bf370 0000000188ecf028
0x00007fff595bf318:   0000000000000000 0000000188ebba98
0x00007fff595bf328:   0000000000000000 00007fff595bf358
0x00007fff595bf338:   00007fff595bf3b8 000000010818dc4d
0x00007fff595bf348:   0000000780630838 0000000108195578
0x00007fff595bf358:   00007f97aec62bc0 00007fff595bf3b8
0x00007fff595bf368:   00007f97aa67a760 0000000108196d82
0x00007fff595bf378:   00007fff595bf378 0000000188ebbc62
0x00007fff595bf388:   00007fff595bf3e0 0000000188ecf028
0x00007fff595bf398:   0000000000000000 0000000188ebbc70
0x00007fff595bf3a8:   00007fff595bf358 00007fff595bf3c8
0x00007fff595bf3b8:   00007fff595bf428 000000010818dc4d
0x00007fff595bf3c8:   00007f97aec62bc0 000000078078ccc0
0x00007fff595bf3d8:   00007f97aa67a760 000000078078ccc0
0x00007fff595bf3e8:   00007fff595bf3e8 000000018f2cbbde
0x00007fff595bf3f8:   00007fff595bf438 000000018f2cbc98 

Instructions: (pc=0x00007fff89783e5d)
0x00007fff89783e3d:   44 00 00 48 85 ff 2e 74 62 40 f6 c7 01 2e 75 66
0x00007fff89783e4d:   49 bb f8 ff ff ff ff 7f 00 00 4c 23 1f 49 89 f2
0x00007fff89783e5d:   45 23 53 18 49 c1 e2 04 4d 03 53 10 49 3b 32 75
0x00007fff89783e6d:   04 41 ff 62 08 49 83 3a 01 76 0d 49 83 c2 10 49 

Register to memory mapping:

RAX=0x00007f97aec62bc0 is an unknown value
RBX=0x000000011de79450: Java_jogamp_nativewindow_macosx_OSXUtil_GetScreenRefreshRate0+0x1cf0 in /private/var/folders/v7/m_7hp0g111n_0hjcbnqwrbd80000gn/T/jogamp_0000/file_cache/jln188787037390946555/jln3755281032655653890/libnativewindow_macosx.jnilib at 0x000000011de72000
RCX=0x000000011de8eb60 is an unknown value
RDX=0x000000011de8efc0 is an unknown value
RSP=0x00007fff595bf208 is pointing into the stack for thread: 0x00007f97aa8bb000
RBP=0x00007fff595bf2c0 is pointing into the stack for thread: 0x00007f97aa8bb000
RSI=0x00007fff87b02d0e is an unknown value
RDI=0x00007f97aa67a760 is an unknown value
R8 =0x0000000000000000 is an unknown value
R9 =0x0000000000000810 is an unknown value
R10=0x00007fff87b02d0e is an unknown value
R11=0x0000000000000000 is an unknown value
R12=0x0000000000000000 is an unknown value
R13={method} {0x0000000188ebba98} 'UnsetJAWTRootSurfaceLayer0' '(JJ)V' in 'jogamp/nativewindow/jawt/macosx/MacOSXJAWTWindow'
R14=0x000000011de79440: Java_jogamp_nativewindow_macosx_OSXUtil_GetScreenRefreshRate0+0x1ce0 in /private/var/folders/v7/m_7hp0g111n_0hjcbnqwrbd80000gn/T/jogamp_0000/file_cache/jln188787037390946555/jln3755281032655653890/libnativewindow_macosx.jnilib at 0x000000011de72000
R15=0x00007f97aa8bb000 is a thread


Stack: [0x00007fff58dc4000,0x00007fff595c4000],  sp=0x00007fff595bf208,  free space=8172k
Native frames: (J=compiled Java code, j=interpreted, Vv=VM code, C=native code)
C  [libobjc.A.dylib+0x7e5d]  objc_msgSend+0x1d
j  jogamp.nativewindow.jawt.macosx.MacOSXJAWTWindow.UnsetJAWTRootSurfaceLayer0(JJ)V+0
j  jogamp.nativewindow.jawt.macosx.MacOSXJAWTWindow.access$200(JJ)V+2
j  jogamp.nativewindow.jawt.macosx.MacOSXJAWTWindow$1.run()V+38
j  com.jogamp.common.util.RunnableTask.run()V+24
v  ~StubRoutines::call_stub
V  [libjvm.dylib+0x2ea35e]
V  [libjvm.dylib+0x321467]
V  [libjvm.dylib+0x313c3b]
C  [libnativewindow_macosx.jnilib+0x5326]  Java_jogamp_nativewindow_jawt_macosx_MacOSXJAWTWindow_UnsetJAWTRootSurfaceLayer0+0x2b6
C  [Foundation+0x7741e]  __NSThreadPerformPerform+0x117
C  [CoreFoundation+0xaa8b1]  __CFRUNLOOP_IS_CALLING_OUT_TO_A_SOURCE0_PERFORM_FUNCTION__+0x11
C  [CoreFoundation+0x8a027]  __CFRunLoopDoSources0+0x1a7
C  [CoreFoundation+0x895cf]  __CFRunLoopRun+0x39f
C  [CoreFoundation+0x88fc8]  CFRunLoopRunSpecific+0x128
C  [HIToolbox+0x30d55]  RunCurrentEventLoopInMode+0xeb
C  [HIToolbox+0x30a97]  ReceiveNextEventCommon+0xb8
C  [HIToolbox+0x309cf]  _BlockUntilNextEventMatchingListInModeWithFilter+0x47
C  [AppKit+0x49d96]  _DPSNextEvent+0x42b
C  [AppKit+0x491c5]  -[NSApplication _nextEventMatchingEventMask:untilDate:inMode:dequeue:]+0x1c6
C  [libosxapp.dylib+0x23aa]  -[NSApplicationAWT nextEventMatchingMask:untilDate:inMode:dequeue:]+0x7c
C  [AppKit+0x3dd28]  -[NSApplication run]+0x2aa
C  [libosxapp.dylib+0x214d]  +[NSApplicationAWT runAWTLoopWithApp:]+0x9c
C  [libawt_lwawt.dylib+0x4455b]  -[AWTStarter starter:]+0x389
C  [Foundation+0x7741e]  __NSThreadPerformPerform+0x117
C  [CoreFoundation+0xaa8b1]  __CFRUNLOOP_IS_CALLING_OUT_TO_A_SOURCE0_PERFORM_FUNCTION__+0x11
C  [CoreFoundation+0x8a0ac]  __CFRunLoopDoSources0+0x22c
C  [CoreFoundation+0x895cf]  __CFRunLoopRun+0x39f
C  [CoreFoundation+0x88fc8]  CFRunLoopRunSpecific+0x128
C  [java+0x6463]  CreateExecutionEnvironment+0x367
C  [java+0x21ac]  JLI_Launch+0x7a0
C  [java+0x84c0]  main+0x65
C  [java+0x1a04]  start+0x34
C  0x0000000000000007

Java frames: (J=compiled Java code, j=interpreted, Vv=VM code)
j  jogamp.nativewindow.jawt.macosx.MacOSXJAWTWindow.UnsetJAWTRootSurfaceLayer0(JJ)V+0
j  jogamp.nativewindow.jawt.macosx.MacOSXJAWTWindow.access$200(JJ)V+2
j  jogamp.nativewindow.jawt.macosx.MacOSXJAWTWindow$1.run()V+38
j  com.jogamp.common.util.RunnableTask.run()V+24
v  ~StubRoutines::call_stub

---------------  P R O C E S S  ---------------

Java Threads: ( => current thread )
  0x00007f97abfec000 JavaThread "Thread-3737" [_thread_blocked, id=64351, stack(0x00007000019ee000,0x0000700001aee000)]
  0x00007f97ab11a800 JavaThread "AWT-EventQueue-1" [_thread_in_native, id=59667, stack(0x0000700001868000,0x0000700001968000)]
  0x00007f97ac14e800 JavaThread "DestroyJavaVM" [_thread_blocked, id=5891, stack(0x000070000011a000,0x000070000021a000)]
  0x00007f97aba57800 JavaThread "AWT-EventQueue-0" [_thread_blocked, id=56839, stack(0x0000700001662000,0x0000700001762000)]
  0x00007f97aba29800 JavaThread "Java2D Disposer" daemon [_thread_blocked, id=52995, stack(0x00007000013d9000,0x00007000014d9000)]
  0x00007f97aa9df000 JavaThread "Java2D Queue Flusher" daemon [_thread_blocked, id=49927, stack(0x00007000012d6000,0x00007000013d6000)]
  0x00007f97aa956000 JavaThread "AWT-Shutdown" [_thread_blocked, id=29715, stack(0x0000700001150000,0x0000700001250000)]
=>0x00007f97aa8bb000 JavaThread "AWT-AppKit" daemon [_thread_in_native, id=2571, stack(0x00007fff58dc4000,0x00007fff595c4000)]
  0x00007f97ab008000 JavaThread "Service Thread" daemon [_thread_blocked, id=18691, stack(0x0000700000e44000,0x0000700000f44000)]
  0x00007f97ac012000 JavaThread "C1 CompilerThread2" daemon [_thread_blocked, id=18179, stack(0x0000700000d41000,0x0000700000e41000)]
  0x00007f97aa82d800 JavaThread "C2 CompilerThread1" daemon [_thread_blocked, id=17667, stack(0x0000700000c3e000,0x0000700000d3e000)]
  0x00007f97aa81e000 JavaThread "C2 CompilerThread0" daemon [_thread_blocked, id=17155, stack(0x0000700000b3b000,0x0000700000c3b000)]
  0x00007f97aa81d800 JavaThread "Signal Dispatcher" daemon [_thread_blocked, id=13839, stack(0x0000700000a38000,0x0000700000b38000)]
  0x00007f97ac010000 JavaThread "Finalizer" daemon [_thread_blocked, id=12291, stack(0x000070000082f000,0x000070000092f000)]
  0x00007f97ac00f800 JavaThread "Reference Handler" daemon [_thread_blocked, id=11779, stack(0x000070000072c000,0x000070000082c000)]

Other Threads:
  0x00007f97ac00d000 VMThread [stack: 0x0000700000629000,0x0000700000729000] [id=11267]
  0x00007f97ab00e000 WatcherThread [stack: 0x0000700000f47000,0x0000700001047000] [id=19203]

VM state:not at safepoint (normal execution)

VM Mutex/Monitor currently owned by a thread: None

Heap:
 PSYoungGen      total 10752K, used 7471K [0x00000007aab00000, 0x00000007ab680000, 0x00000007c0000000)
  eden space 10240K, 72% used [0x00000007aab00000,0x00000007ab243da0,0x00000007ab500000)
  from space 512K, 6% used [0x00000007ab580000,0x00000007ab588000,0x00000007ab600000)
  to   space 512K, 0% used [0x00000007ab600000,0x00000007ab600000,0x00000007ab680000)
 ParOldGen       total 313344K, used 299838K [0x0000000780000000, 0x0000000793200000, 0x00000007aab00000)
  object space 313344K, 95% used [0x0000000780000000,0x00000007924cfaa0,0x0000000793200000)
 Metaspace       used 21279K, capacity 21503K, committed 21808K, reserved 1069056K
  class space    used 2015K, capacity 2104K, committed 2176K, reserved 1048576K

Card table byte_map: [0x0000000117546000,0x0000000117747000] byte_map_base: 0x0000000113946000

Marking Bits: (ParMarkBitMap*) 0x0000000107adde20
 Begin Bits: [0x000000011789d000, 0x000000011889d000)
 End Bits:   [0x000000011889d000, 0x000000011989d000)

Polling page: 0x00000001068ff000

CodeCache: size=245760Kb used=10513Kb max_used=11006Kb free=235246Kb
 bounds [0x0000000108186000, 0x0000000108c96000, 0x0000000117186000]
 total_blobs=3837 nmethods=2952 adapters=798
 compilation: enabled

Compilation events (10 events):
Event: 2758.749 Thread 0x00007f97aa81e000 3778   !   4       java.awt.EventDispatchThread::pumpOneEventForFilters (295 bytes)
Event: 2758.851 Thread 0x00007f97aa81e000 nmethod 3778 0x00000001088a4110 code [0x00000001088a4640, 0x00000001088a71e8]
Event: 3875.620 Thread 0x00007f97ac012000 3779       1       java.awt.AWTEvent::isConsumed (5 bytes)
Event: 3875.622 Thread 0x00007f97ac012000 nmethod 3779 0x00000001087b7690 code [0x00000001087b77e0, 0x00000001087b78f0]
Event: 3875.629 Thread 0x00007f97aa82d800 3780       4       sun.java2d.SurfaceData::pixelFor (13 bytes)
Event: 3875.634 Thread 0x00007f97aa82d800 nmethod 3780 0x000000010885dbd0 code [0x000000010885dd20, 0x000000010885ddf8]
Event: 3875.687 Thread 0x00007f97aa81e000 3781       4       sun.java2d.SunGraphics2D::translate (68 bytes)
Event: 3875.688 Thread 0x00007f97ac012000 3782       1       sun.java2d.SurfaceData::isValid (5 bytes)
Event: 3875.688 Thread 0x00007f97ac012000 nmethod 3782 0x0000000108b1bd90 code [0x0000000108b1bee0, 0x0000000108b1bff0]
Event: 3875.690 Thread 0x00007f97aa81e000 nmethod 3781 0x00000001087a4190 code [0x00000001087a42e0, 0x00000001087a4408]

GC Heap History (10 events):
Event: 3861.340 GC heap before
{Heap before GC invocations=1202 (full 21):
 PSYoungGen      total 10752K, used 10304K [0x00000007aab00000, 0x00000007ab680000, 0x00000007c0000000)
  eden space 10240K, 100% used [0x00000007aab00000,0x00000007ab500000,0x00000007ab500000)
  from space 512K, 12% used [0x00000007ab600000,0x00000007ab610000,0x00000007ab680000)
  to   space 512K, 0% used [0x00000007ab580000,0x00000007ab580000,0x00000007ab600000)
 ParOldGen       total 313344K, used 299838K [0x0000000780000000, 0x0000000793200000, 0x00000007aab00000)
  object space 313344K, 95% used [0x0000000780000000,0x00000007924cfaa0,0x0000000793200000)
 Metaspace       used 21244K, capacity 21407K, committed 21808K, reserved 1069056K
  class space    used 2007K, capacity 2072K, committed 2176K, reserved 1048576K
Event: 3861.342 GC heap after
Heap after GC invocations=1202 (full 21):
 PSYoungGen      total 10752K, used 64K [0x00000007aab00000, 0x00000007ab680000, 0x00000007c0000000)
  eden space 10240K, 0% used [0x00000007aab00000,0x00000007aab00000,0x00000007ab500000)
  from space 512K, 12% used [0x00000007ab580000,0x00000007ab590000,0x00000007ab600000)
  to   space 512K, 0% used [0x00000007ab600000,0x00000007ab600000,0x00000007ab680000)
 ParOldGen       total 313344K, used 299838K [0x0000000780000000, 0x0000000793200000, 0x00000007aab00000)
  object space 313344K, 95% used [0x0000000780000000,0x00000007924cfaa0,0x0000000793200000)
 Metaspace       used 21244K, capacity 21407K, committed 21808K, reserved 1069056K
  class space    used 2007K, capacity 2072K, committed 2176K, reserved 1048576K
}
Event: 3864.403 GC heap before
{Heap before GC invocations=1203 (full 21):
 PSYoungGen      total 10752K, used 10304K [0x00000007aab00000, 0x00000007ab680000, 0x00000007c0000000)
  eden space 10240K, 100% used [0x00000007aab00000,0x00000007ab500000,0x00000007ab500000)
  from space 512K, 12% used [0x00000007ab580000,0x00000007ab590000,0x00000007ab600000)
  to   space 512K, 0% used [0x00000007ab600000,0x00000007ab600000,0x00000007ab680000)
 ParOldGen       total 313344K, used 299838K [0x0000000780000000, 0x0000000793200000, 0x00000007aab00000)
  object space 313344K, 95% used [0x0000000780000000,0x00000007924cfaa0,0x0000000793200000)
 Metaspace       used 21244K, capacity 21407K, committed 21808K, reserved 1069056K
  class space    used 2007K, capacity 2072K, committed 2176K, reserved 1048576K
Event: 3864.405 GC heap after
Heap after GC invocations=1203 (full 21):
 PSYoungGen      total 10752K, used 64K [0x00000007aab00000, 0x00000007ab680000, 0x00000007c0000000)
  eden space 10240K, 0% used [0x00000007aab00000,0x00000007aab00000,0x00000007ab500000)
  from space 512K, 12% used [0x00000007ab600000,0x00000007ab610000,0x00000007ab680000)
  to   space 512K, 0% used [0x00000007ab580000,0x00000007ab580000,0x00000007ab600000)
 ParOldGen       total 313344K, used 299838K [0x0000000780000000, 0x0000000793200000, 0x00000007aab00000)
  object space 313344K, 95% used [0x0000000780000000,0x00000007924cfaa0,0x0000000793200000)
 Metaspace       used 21244K, capacity 21407K, committed 21808K, reserved 1069056K
  class space    used 2007K, capacity 2072K, committed 2176K, reserved 1048576K
}
Event: 3867.472 GC heap before
{Heap before GC invocations=1204 (full 21):
 PSYoungGen      total 10752K, used 10304K [0x00000007aab00000, 0x00000007ab680000, 0x00000007c0000000)
  eden space 10240K, 100% used [0x00000007aab00000,0x00000007ab500000,0x00000007ab500000)
  from space 512K, 12% used [0x00000007ab600000,0x00000007ab610000,0x00000007ab680000)
  to   space 512K, 0% used [0x00000007ab580000,0x00000007ab580000,0x00000007ab600000)
 ParOldGen       total 313344K, used 299838K [0x0000000780000000, 0x0000000793200000, 0x00000007aab00000)
  object space 313344K, 95% used [0x0000000780000000,0x00000007924cfaa0,0x0000000793200000)
 Metaspace       used 21244K, capacity 21407K, committed 21808K, reserved 1069056K
  class space    used 2007K, capacity 2072K, committed 2176K, reserved 1048576K
Event: 3867.474 GC heap after
Heap after GC invocations=1204 (full 21):
 PSYoungGen      total 10752K, used 96K [0x00000007aab00000, 0x00000007ab680000, 0x00000007c0000000)
  eden space 10240K, 0% used [0x00000007aab00000,0x00000007aab00000,0x00000007ab500000)
  from space 512K, 18% used [0x00000007ab580000,0x00000007ab598000,0x00000007ab600000)
  to   space 512K, 0% used [0x00000007ab600000,0x00000007ab600000,0x00000007ab680000)
 ParOldGen       total 313344K, used 299838K [0x0000000780000000, 0x0000000793200000, 0x00000007aab00000)
  object space 313344K, 95% used [0x0000000780000000,0x00000007924cfaa0,0x0000000793200000)
 Metaspace       used 21244K, capacity 21407K, committed 21808K, reserved 1069056K
  class space    used 2007K, capacity 2072K, committed 2176K, reserved 1048576K
}
Event: 3870.515 GC heap before
{Heap before GC invocations=1205 (full 21):
 PSYoungGen      total 10752K, used 10336K [0x00000007aab00000, 0x00000007ab680000, 0x00000007c0000000)
  eden space 10240K, 100% used [0x00000007aab00000,0x00000007ab500000,0x00000007ab500000)
  from space 512K, 18% used [0x00000007ab580000,0x00000007ab598000,0x00000007ab600000)
  to   space 512K, 0% used [0x00000007ab600000,0x00000007ab600000,0x00000007ab680000)
 ParOldGen       total 313344K, used 299838K [0x0000000780000000, 0x0000000793200000, 0x00000007aab00000)
  object space 313344K, 95% used [0x0000000780000000,0x00000007924cfaa0,0x0000000793200000)
 Metaspace       used 21244K, capacity 21407K, committed 21808K, reserved 1069056K
  class space    used 2007K, capacity 2072K, committed 2176K, reserved 1048576K
Event: 3870.517 GC heap after
Heap after GC invocations=1205 (full 21):
 PSYoungGen      total 10752K, used 96K [0x00000007aab00000, 0x00000007ab680000, 0x00000007c0000000)
  eden space 10240K, 0% used [0x00000007aab00000,0x00000007aab00000,0x00000007ab500000)
  from space 512K, 18% used [0x00000007ab600000,0x00000007ab618000,0x00000007ab680000)
  to   space 512K, 0% used [0x00000007ab580000,0x00000007ab580000,0x00000007ab600000)
 ParOldGen       total 313344K, used 299838K [0x0000000780000000, 0x0000000793200000, 0x00000007aab00000)
  object space 313344K, 95% used [0x0000000780000000,0x00000007924cfaa0,0x0000000793200000)
 Metaspace       used 21244K, capacity 21407K, committed 21808K, reserved 1069056K
  class space    used 2007K, capacity 2072K, committed 2176K, reserved 1048576K
}
Event: 3873.576 GC heap before
{Heap before GC invocations=1206 (full 21):
 PSYoungGen      total 10752K, used 10335K [0x00000007aab00000, 0x00000007ab680000, 0x00000007c0000000)
  eden space 10240K, 99% used [0x00000007aab00000,0x00000007ab4fffe8,0x00000007ab500000)
  from space 512K, 18% used [0x00000007ab600000,0x00000007ab618000,0x00000007ab680000)
  to   space 512K, 0% used [0x00000007ab580000,0x00000007ab580000,0x00000007ab600000)
 ParOldGen       total 313344K, used 299838K [0x0000000780000000, 0x0000000793200000, 0x00000007aab00000)
  object space 313344K, 95% used [0x0000000780000000,0x00000007924cfaa0,0x0000000793200000)
 Metaspace       used 21244K, capacity 21407K, committed 21808K, reserved 1069056K
  class space    used 2007K, capacity 2072K, committed 2176K, reserved 1048576K
Event: 3873.579 GC heap after
Heap after GC invocations=1206 (full 21):
 PSYoungGen      total 10752K, used 32K [0x00000007aab00000, 0x00000007ab680000, 0x00000007c0000000)
  eden space 10240K, 0% used [0x00000007aab00000,0x00000007aab00000,0x00000007ab500000)
  from space 512K, 6% used [0x00000007ab580000,0x00000007ab588000,0x00000007ab600000)
  to   space 512K, 0% used [0x00000007ab600000,0x00000007ab600000,0x00000007ab680000)
 ParOldGen       total 313344K, used 299838K [0x0000000780000000, 0x0000000793200000, 0x00000007aab00000)
  object space 313344K, 95% used [0x0000000780000000,0x00000007924cfaa0,0x0000000793200000)
 Metaspace       used 21244K, capacity 21407K, committed 21808K, reserved 1069056K
  class space    used 2007K, capacity 2072K, committed 2176K, reserved 1048576K
}

Deoptimization events (10 events):
Event: 3875.699 Thread 0x00007f97aa8bb000 Uncommon trap: reason=class_check action=maybe_recompile pc=0x0000000108617380 method=com.jogamp.common.util.RunnableTask.run()V @ 24
Event: 3875.701 Thread 0x00007f97aa8bb000 Uncommon trap: reason=unstable_if action=reinterpret pc=0x00000001089579bc method=jogamp.nativewindow.macosx.OSXUtil.RunOnMainThread(ZZLjava/lang/Runnable;)V @ 3
Event: 3875.727 Thread 0x00007f97ab11a800 Uncommon trap: reason=unstable_if action=reinterpret pc=0x00000001089cdf70 method=jogamp.opengl.GLContextImpl.release(Z)V @ 161
Event: 3875.727 Thread 0x00007f97ab11a800 Uncommon trap: reason=unstable_if action=reinterpret pc=0x00000001083ef8bc method=java.util.IdentityHashMap.get(Ljava/lang/Object;)Ljava/lang/Object; @ 43
Event: 3875.733 Thread 0x00007f97ab11a800 Uncommon trap: reason=unstable_if action=reinterpret pc=0x0000000108951118 method=java.util.LinkedList$ListItr.<init>(Ljava/util/LinkedList;I)V @ 26
Event: 3875.734 Thread 0x00007f97ab11a800 Uncommon trap: reason=unstable_if action=reinterpret pc=0x0000000108644b3c method=java.security.AccessControlContext.optimize()Ljava/security/AccessControlContext; @ 233
Event: 3875.741 Thread 0x00007f97aba57800 Uncommon trap: reason=class_check action=maybe_recompile pc=0x0000000108734414 method=java.awt.EventQueue.coalescePeerEvent(Lsun/awt/PeerEvent;)Z @ 4
Event: 3875.741 Thread 0x00007f97aba57800 Uncommon trap: reason=class_check action=maybe_recompile pc=0x00000001089bc8dc method=java.awt.Component.getGraphics()Ljava/awt/Graphics; @ 114
Event: 3875.741 Thread 0x00007f97aba57800 Uncommon trap: reason=speculate_class_check action=maybe_recompile pc=0x00000001086a3364 method=sun.lwawt.LWComponentPeer.applyConstrain(Ljava/awt/Graphics;)V @ 32
Event: 3875.948 Thread 0x00007f97aa8bb000 Uncommon trap: reason=class_check action=maybe_recompile pc=0x0000000108617380 method=com.jogamp.common.util.RunnableTask.run()V @ 24

Internal exceptions (10 events):
Event: 0.656 Thread 0x00007f97ab801800 Exception <a 'java/io/FileNotFoundException'> (0x00000007aadddc28) thrown at [/HUDSON3/workspace/8-2-build-macosx-x86_64/jdk8u66/4988/hotspot/src/share/vm/prims/jni.cpp, line 709]
Event: 0.656 Thread 0x00007f97ab801800 Exception <a 'java/io/FileNotFoundException'> (0x00000007aadde7b0) thrown at [/HUDSON3/workspace/8-2-build-macosx-x86_64/jdk8u66/4988/hotspot/src/share/vm/prims/jni.cpp, line 709]
Event: 0.853 Thread 0x00007f97ab801800 Exception <a 'java/io/FileNotFoundException'> (0x00000007aaed75c8) thrown at [/HUDSON3/workspace/8-2-build-macosx-x86_64/jdk8u66/4988/hotspot/src/share/vm/prims/jni.cpp, line 709]
Event: 2.767 Thread 0x00007f97ac010000 Exception <a 'java/lang/NullPointerException'> (0x00000007aab824f0) thrown at [/HUDSON3/workspace/8-2-build-macosx-x86_64/jdk8u66/4988/hotspot/src/share/vm/interpreter/linkResolver.cpp, line 1178]
Event: 2.873 Thread 0x00007f97abc5b000 Exception <a 'java/lang/UnsatisfiedLinkError': com.jogamp.common.util.JarUtil.fixNativeLibAttribs(Ljava/lang/String;)Z> (0x00000007ab0b2300) thrown at [/HUDSON3/workspace/8-2-build-macosx-x86_64/jdk8u66/4988/hotspot/src/share/vm/prims/nativeLookup.cpp, li
Event: 3.828 Thread 0x00007f97ab11a800 Exception <a 'java/io/FileNotFoundException'> (0x00000007ab541f28) thrown at [/HUDSON3/workspace/8-2-build-macosx-x86_64/jdk8u66/4988/hotspot/src/share/vm/prims/jni.cpp, line 709]
Event: 3.829 Thread 0x00007f97ab11a800 Exception <a 'java/io/FileNotFoundException'> (0x00000007ab54de10) thrown at [/HUDSON3/workspace/8-2-build-macosx-x86_64/jdk8u66/4988/hotspot/src/share/vm/prims/jni.cpp, line 709]
Event: 3.829 Thread 0x00007f97ab11a800 Implicit null exception at 0x0000000108333135 to 0x0000000108333499
Event: 2152.338 Thread 0x00007f97aaecf000 Implicit null exception at 0x00000001089b0af2 to 0x00000001089b1201
Event: 3875.649 Thread 0x00007f97aba57800 Implicit null exception at 0x0000000108895ee4 to 0x00000001088968dd

Events (10 events):
Event: 3875.741 Thread 0x00007f97aba57800 DEOPT PACKING pc=0x00000001089bc8dc sp=0x000070000175fd00
Event: 3875.741 Thread 0x00007f97aba57800 DEOPT UNPACKING pc=0x000000010818b229 sp=0x000070000175fd10 mode 2
Event: 3875.741 Thread 0x00007f97aba57800 Uncommon trap: trap_request=0xffffff76 fr.pc=0x00000001086a3364
Event: 3875.741 Thread 0x00007f97aba57800 DEOPT PACKING pc=0x00000001086a3364 sp=0x000070000175fc10
Event: 3875.741 Thread 0x00007f97aba57800 DEOPT UNPACKING pc=0x000000010818b229 sp=0x000070000175fbc0 mode 2
Event: 3875.742 loading class java/awt/Window$1DisposeAction
Event: 3875.743 loading class java/awt/Window$1DisposeAction done
Event: 3875.948 Thread 0x00007f97aa8bb000 Uncommon trap: trap_request=0xffffffde fr.pc=0x0000000108617380
Event: 3875.948 Thread 0x00007f97aa8bb000 DEOPT PACKING pc=0x0000000108617380 sp=0x00007fff595bf480
Event: 3875.948 Thread 0x00007f97aa8bb000 DEOPT UNPACKING pc=0x000000010818b229 sp=0x00007fff595bf428 mode 2


Dynamic libraries:
0x0000000004a85000 	/System/Library/Frameworks/Cocoa.framework/Versions/A/Cocoa
0x0000000004a85000 	/System/Library/Frameworks/Security.framework/Versions/A/Security
0x0000000004a85000 	/System/Library/Frameworks/ApplicationServices.framework/Versions/A/ApplicationServices
0x0000000004a85000 	/usr/lib/libz.1.dylib
0x0000000004a85000 	/usr/lib/libSystem.B.dylib
0x0000000004a85000 	/usr/lib/libobjc.A.dylib
0x0000000004a85000 	/System/Library/Frameworks/CoreFoundation.framework/Versions/A/CoreFoundation
0x0000000004a85000 	/System/Library/Frameworks/Foundation.framework/Versions/C/Foundation
0x0000000004a85000 	/System/Library/Frameworks/AppKit.framework/Versions/C/AppKit
0x0000000004a85000 	/System/Library/Frameworks/CoreData.framework/Versions/A/CoreData
0x0000000004a85000 	/System/Library/PrivateFrameworks/RemoteViewServices.framework/Versions/A/RemoteViewServices
0x0000000004a85000 	/System/Library/PrivateFrameworks/UIFoundation.framework/Versions/A/UIFoundation
0x0000000004a85000 	/usr/lib/libScreenReader.dylib
0x0000000004a85000 	/System/Library/Frameworks/Accelerate.framework/Versions/A/Accelerate
0x0000000004a85000 	/System/Library/Frameworks/IOSurface.framework/Versions/A/IOSurface
0x0000000004a85000 	/System/Library/Frameworks/AudioToolbox.framework/Versions/A/AudioToolbox
0x0000000004a85000 	/System/Library/Frameworks/AudioUnit.framework/Versions/A/AudioUnit
0x0000000004a85000 	/System/Library/PrivateFrameworks/DataDetectorsCore.framework/Versions/A/DataDetectorsCore
0x0000000004a85000 	/System/Library/PrivateFrameworks/DesktopServicesPriv.framework/Versions/A/DesktopServicesPriv
0x0000000004a85000 	/System/Library/Frameworks/Carbon.framework/Versions/A/Frameworks/HIToolbox.framework/Versions/A/HIToolbox
0x0000000004a85000 	/System/Library/Frameworks/QuartzCore.framework/Versions/A/QuartzCore
0x0000000004a85000 	/System/Library/Frameworks/Carbon.framework/Versions/A/Frameworks/SpeechRecognition.framework/Versions/A/SpeechRecognition
0x0000000004a85000 	/usr/lib/libauto.dylib
0x0000000004a85000 	/usr/lib/libicucore.A.dylib
0x0000000004a85000 	/usr/lib/libxml2.2.dylib
0x0000000004a85000 	/System/Library/PrivateFrameworks/CoreUI.framework/Versions/A/CoreUI
0x0000000004a85000 	/System/Library/Frameworks/CoreAudio.framework/Versions/A/CoreAudio
0x0000000004a85000 	/System/Library/Frameworks/DiskArbitration.framework/Versions/A/DiskArbitration
0x0000000004a85000 	/usr/lib/liblangid.dylib
0x0000000004a85000 	/System/Library/PrivateFrameworks/MultitouchSupport.framework/Versions/A/MultitouchSupport
0x0000000004a85000 	/System/Library/Frameworks/IOKit.framework/Versions/A/IOKit
0x0000000004a85000 	/usr/lib/libDiagnosticMessagesClient.dylib
0x0000000004a85000 	/System/Library/Frameworks/CoreServices.framework/Versions/A/CoreServices
0x0000000004a85000 	/System/Library/PrivateFrameworks/PerformanceAnalysis.framework/Versions/A/PerformanceAnalysis
0x0000000004a85000 	/System/Library/PrivateFrameworks/GenerationalStorage.framework/Versions/A/GenerationalStorage
0x0000000004a85000 	/System/Library/Frameworks/OpenGL.framework/Versions/A/OpenGL
0x0000000004a85000 	/System/Library/PrivateFrameworks/Sharing.framework/Versions/A/Sharing
0x0000000004a85000 	/System/Library/Frameworks/CoreGraphics.framework/Versions/A/CoreGraphics
0x0000000004a85000 	/System/Library/Frameworks/CoreImage.framework/Versions/A/CoreImage
0x0000000004a85000 	/System/Library/Frameworks/CoreText.framework/Versions/A/CoreText
0x0000000004a85000 	/System/Library/Frameworks/ImageIO.framework/Versions/A/ImageIO
0x0000000004a85000 	/System/Library/PrivateFrameworks/Backup.framework/Versions/A/Backup
0x0000000004a85000 	/usr/lib/libextension.dylib
0x0000000004a85000 	/usr/lib/libarchive.2.dylib
0x0000000004a85000 	/System/Library/Frameworks/CFNetwork.framework/Versions/A/CFNetwork
0x0000000004a85000 	/System/Library/Frameworks/SystemConfiguration.framework/Versions/A/SystemConfiguration
0x0000000004a85000 	/usr/lib/libCRFSuite.dylib
0x0000000004a85000 	/usr/lib/libc++.1.dylib
0x0000000004a85000 	/usr/lib/libc++abi.dylib
0x0000000004a85000 	/usr/lib/system/libcache.dylib
0x0000000004a85000 	/usr/lib/system/libcommonCrypto.dylib
0x0000000004a85000 	/usr/lib/system/libcompiler_rt.dylib
0x0000000004a85000 	/usr/lib/system/libcopyfile.dylib
0x0000000004a85000 	/usr/lib/system/libcorecrypto.dylib
0x0000000004a85000 	/usr/lib/system/libdispatch.dylib
0x0000000004a85000 	/usr/lib/system/libdyld.dylib
0x0000000004a85000 	/usr/lib/system/libkeymgr.dylib
0x0000000004a85000 	/usr/lib/system/liblaunch.dylib
0x0000000004a85000 	/usr/lib/system/libmacho.dylib
0x0000000004a85000 	/usr/lib/system/libquarantine.dylib
0x0000000004a85000 	/usr/lib/system/libremovefile.dylib
0x0000000004a85000 	/usr/lib/system/libsystem_asl.dylib
0x0000000004a85000 	/usr/lib/system/libsystem_blocks.dylib
0x0000000004a85000 	/usr/lib/system/libsystem_c.dylib
0x0000000004a85000 	/usr/lib/system/libsystem_configuration.dylib
0x0000000004a85000 	/usr/lib/system/libsystem_coreservices.dylib
0x0000000004a85000 	/usr/lib/system/libsystem_coretls.dylib
0x0000000004a85000 	/usr/lib/system/libsystem_dnssd.dylib
0x0000000004a85000 	/usr/lib/system/libsystem_info.dylib
0x0000000004a85000 	/usr/lib/system/libsystem_kernel.dylib
0x0000000004a85000 	/usr/lib/system/libsystem_m.dylib
0x0000000004a85000 	/usr/lib/system/libsystem_malloc.dylib
0x0000000004a85000 	/usr/lib/system/libsystem_network.dylib
0x0000000004a85000 	/usr/lib/system/libsystem_networkextension.dylib
0x0000000004a85000 	/usr/lib/system/libsystem_notify.dylib
0x0000000004a85000 	/usr/lib/system/libsystem_platform.dylib
0x0000000004a85000 	/usr/lib/system/libsystem_pthread.dylib
0x0000000004a85000 	/usr/lib/system/libsystem_sandbox.dylib
0x0000000004a85000 	/usr/lib/system/libsystem_secinit.dylib
0x0000000004a85000 	/usr/lib/system/libsystem_trace.dylib
0x0000000004a85000 	/usr/lib/system/libunc.dylib
0x0000000004a85000 	/usr/lib/system/libunwind.dylib
0x0000000004a85000 	/usr/lib/system/libxpc.dylib
0x0000000004a85000 	/usr/lib/libenergytrace.dylib
0x0000000004a85000 	/usr/lib/libbsm.0.dylib
0x0000000004a85000 	/usr/lib/system/libkxld.dylib
0x0000000004a85000 	/usr/lib/libxar.1.dylib
0x0000000004a85000 	/usr/lib/libsqlite3.dylib
0x0000000004a85000 	/usr/lib/libpam.2.dylib
0x0000000004a85000 	/usr/lib/libOpenScriptingUtil.dylib
0x0000000004a85000 	/usr/lib/libbz2.1.0.dylib
0x0000000004a85000 	/usr/lib/liblzma.5.dylib
0x0000000004a85000 	/System/Library/Frameworks/CoreServices.framework/Versions/A/Frameworks/FSEvents.framework/Versions/A/FSEvents
0x0000000004a85000 	/System/Library/Frameworks/CoreServices.framework/Versions/A/Frameworks/CarbonCore.framework/Versions/A/CarbonCore
0x0000000004a85000 	/System/Library/Frameworks/CoreServices.framework/Versions/A/Frameworks/Metadata.framework/Versions/A/Metadata
0x0000000004a85000 	/System/Library/Frameworks/CoreServices.framework/Versions/A/Frameworks/OSServices.framework/Versions/A/OSServices
0x0000000004a85000 	/System/Library/Frameworks/CoreServices.framework/Versions/A/Frameworks/SearchKit.framework/Versions/A/SearchKit
0x0000000004a85000 	/System/Library/Frameworks/CoreServices.framework/Versions/A/Frameworks/AE.framework/Versions/A/AE
0x0000000004a85000 	/System/Library/Frameworks/CoreServices.framework/Versions/A/Frameworks/LaunchServices.framework/Versions/A/LaunchServices
0x0000000004a85000 	/System/Library/Frameworks/CoreServices.framework/Versions/A/Frameworks/DictionaryServices.framework/Versions/A/DictionaryServices
0x0000000004a85000 	/System/Library/Frameworks/CoreServices.framework/Versions/A/Frameworks/SharedFileList.framework/Versions/A/SharedFileList
0x0000000004a85000 	/System/Library/Frameworks/NetFS.framework/Versions/A/NetFS
0x0000000004a85000 	/System/Library/PrivateFrameworks/NetAuth.framework/Versions/A/NetAuth
0x0000000004a85000 	/System/Library/PrivateFrameworks/login.framework/Versions/A/Frameworks/loginsupport.framework/Versions/A/loginsupport
0x0000000004a85000 	/System/Library/PrivateFrameworks/TCC.framework/Versions/A/TCC
0x0000000004a85000 	/usr/lib/libmecabra.dylib
0x0000000004a85000 	/System/Library/Frameworks/ApplicationServices.framework/Versions/A/Frameworks/ATS.framework/Versions/A/ATS
0x0000000004a85000 	/System/Library/Frameworks/ApplicationServices.framework/Versions/A/Frameworks/ColorSync.framework/Versions/A/ColorSync
0x0000000004a85000 	/System/Library/Frameworks/ApplicationServices.framework/Versions/A/Frameworks/HIServices.framework/Versions/A/HIServices
0x0000000004a85000 	/System/Library/Frameworks/ApplicationServices.framework/Versions/A/Frameworks/LangAnalysis.framework/Versions/A/LangAnalysis
0x0000000004a85000 	/System/Library/Frameworks/ApplicationServices.framework/Versions/A/Frameworks/PrintCore.framework/Versions/A/PrintCore
0x0000000004a85000 	/System/Library/Frameworks/ApplicationServices.framework/Versions/A/Frameworks/QD.framework/Versions/A/QD
0x0000000004a85000 	/System/Library/Frameworks/ApplicationServices.framework/Versions/A/Frameworks/SpeechSynthesis.framework/Versions/A/SpeechSynthesis
0x0000000004a85000 	/System/Library/Frameworks/Metal.framework/Versions/A/Metal
0x0000000004a85000 	/System/Library/Frameworks/Accelerate.framework/Versions/A/Frameworks/vImage.framework/Versions/A/vImage
0x0000000004a85000 	/System/Library/Frameworks/Accelerate.framework/Versions/A/Frameworks/vecLib.framework/Versions/A/vecLib
0x0000000004a85000 	/System/Library/Frameworks/Accelerate.framework/Versions/A/Frameworks/vecLib.framework/Versions/A/libvDSP.dylib
0x0000000004a85000 	/System/Library/Frameworks/Accelerate.framework/Versions/A/Frameworks/vecLib.framework/Versions/A/libvMisc.dylib
0x0000000004a85000 	/System/Library/Frameworks/Accelerate.framework/Versions/A/Frameworks/vecLib.framework/Versions/A/libLAPACK.dylib
0x0000000004a85000 	/System/Library/Frameworks/Accelerate.framework/Versions/A/Frameworks/vecLib.framework/Versions/A/libBLAS.dylib
0x0000000004a85000 	/System/Library/Frameworks/Accelerate.framework/Versions/A/Frameworks/vecLib.framework/Versions/A/libLinearAlgebra.dylib
0x0000000004a85000 	/System/Library/Frameworks/Accelerate.framework/Versions/A/Frameworks/vecLib.framework/Versions/A/libSparseBLAS.dylib
0x0000000004a85000 	/System/Library/PrivateFrameworks/GPUCompiler.framework/libmetal_timestamp.dylib
0x0000000004a85000 	/System/Library/Frameworks/OpenGL.framework/Versions/A/Libraries/libCoreFSCache.dylib
0x0000000004a85000 	/System/Library/PrivateFrameworks/IOAccelerator.framework/Versions/A/IOAccelerator
0x0000000004a85000 	/System/Library/Frameworks/ApplicationServices.framework/Versions/A/Frameworks/ATS.framework/Versions/A/Resources/libFontParser.dylib
0x0000000004a85000 	/System/Library/Frameworks/ApplicationServices.framework/Versions/A/Frameworks/ATS.framework/Versions/A/Resources/libFontRegistry.dylib
0x0000000004a85000 	/System/Library/PrivateFrameworks/AppleVPA.framework/Versions/A/AppleVPA
0x0000000004a85000 	/System/Library/PrivateFrameworks/AppleJPEG.framework/Versions/A/AppleJPEG
0x0000000004a85000 	/System/Library/Frameworks/ImageIO.framework/Versions/A/Resources/libJPEG.dylib
0x0000000004a85000 	/System/Library/Frameworks/ImageIO.framework/Versions/A/Resources/libTIFF.dylib
0x0000000004a85000 	/System/Library/Frameworks/ImageIO.framework/Versions/A/Resources/libPng.dylib
0x0000000004a85000 	/System/Library/Frameworks/ImageIO.framework/Versions/A/Resources/libGIF.dylib
0x0000000004a85000 	/System/Library/Frameworks/ImageIO.framework/Versions/A/Resources/libJP2.dylib
0x0000000004a85000 	/System/Library/Frameworks/ImageIO.framework/Versions/A/Resources/libRadiance.dylib
0x0000000004a85000 	/System/Library/Frameworks/CoreVideo.framework/Versions/A/CoreVideo
0x0000000004a85000 	/System/Library/Frameworks/OpenGL.framework/Versions/A/Libraries/libGLU.dylib
0x0000000004a85000 	/System/Library/Frameworks/OpenGL.framework/Versions/A/Libraries/libGFXShared.dylib
0x0000000004a85000 	/System/Library/Frameworks/OpenGL.framework/Versions/A/Libraries/libGL.dylib
0x0000000004a85000 	/System/Library/Frameworks/OpenGL.framework/Versions/A/Libraries/libGLImage.dylib
0x0000000004a85000 	/System/Library/Frameworks/OpenGL.framework/Versions/A/Libraries/libCVMSPluginSupport.dylib
0x0000000004a85000 	/System/Library/Frameworks/OpenGL.framework/Versions/A/Libraries/libCoreVMClient.dylib
0x0000000004a85000 	/usr/lib/libcups.2.dylib
0x0000000004a85000 	/System/Library/Frameworks/Kerberos.framework/Versions/A/Kerberos
0x0000000004a85000 	/System/Library/Frameworks/GSS.framework/Versions/A/GSS
0x0000000004a85000 	/usr/lib/libresolv.9.dylib
0x0000000004a85000 	/usr/lib/libiconv.2.dylib
0x0000000004a85000 	/System/Library/PrivateFrameworks/Heimdal.framework/Versions/A/Heimdal
0x0000000004a85000 	/usr/lib/libheimdal-asn1.dylib
0x0000000004a85000 	/System/Library/Frameworks/OpenDirectory.framework/Versions/A/OpenDirectory
0x0000000004a85000 	/System/Library/PrivateFrameworks/CommonAuth.framework/Versions/A/CommonAuth
0x0000000004a85000 	/System/Library/Frameworks/OpenDirectory.framework/Versions/A/Frameworks/CFOpenDirectory.framework/Versions/A/CFOpenDirectory
0x0000000004a85000 	/System/Library/Frameworks/SecurityFoundation.framework/Versions/A/SecurityFoundation
0x0000000004a85000 	/System/Library/PrivateFrameworks/LanguageModeling.framework/Versions/A/LanguageModeling
0x0000000004a85000 	/usr/lib/libmarisa.dylib
0x0000000004a85000 	/usr/lib/libChineseTokenizer.dylib
0x0000000004a85000 	/usr/lib/libcmph.dylib
0x0000000004a85000 	/usr/lib/libcompression.dylib
0x0000000004a85000 	/System/Library/Frameworks/ServiceManagement.framework/Versions/A/ServiceManagement
0x0000000004a85000 	/usr/lib/libxslt.1.dylib
0x0000000004a85000 	/System/Library/Frameworks/Carbon.framework/Versions/A/Frameworks/Ink.framework/Versions/A/Ink
0x0000000004a85000 	/usr/lib/libFosl_dynamic.dylib
0x0000000004a85000 	/System/Library/PrivateFrameworks/FaceCore.framework/Versions/A/FaceCore
0x0000000004a85000 	/System/Library/Frameworks/OpenCL.framework/Versions/A/OpenCL
0x0000000004a85000 	/System/Library/PrivateFrameworks/CrashReporterSupport.framework/Versions/A/CrashReporterSupport
0x0000000004a85000 	/System/Library/PrivateFrameworks/IconServices.framework/Versions/A/IconServices
0x0000000004a85000 	/System/Library/PrivateFrameworks/Apple80211.framework/Versions/A/Apple80211
0x0000000004a85000 	/System/Library/Frameworks/CoreWLAN.framework/Versions/A/CoreWLAN
0x0000000004a85000 	/System/Library/Frameworks/IOBluetooth.framework/Versions/A/IOBluetooth
0x0000000004a85000 	/System/Library/PrivateFrameworks/CoreWiFi.framework/Versions/A/CoreWiFi
0x0000000004a85000 	/System/Library/Frameworks/CoreBluetooth.framework/Versions/A/CoreBluetooth
0x0000000004a85000 	/System/Library/PrivateFrameworks/ChunkingLibrary.framework/Versions/A/ChunkingLibrary
0x0000000004a85000 	/System/Library/PrivateFrameworks/DebugSymbols.framework/Versions/A/DebugSymbols
0x0000000004a85000 	/System/Library/PrivateFrameworks/CoreSymbolication.framework/Versions/A/CoreSymbolication
0x0000000004a85000 	/System/Library/PrivateFrameworks/Symbolication.framework/Versions/A/Symbolication
0x0000000004a85000 	/System/Library/PrivateFrameworks/SpeechRecognitionCore.framework/Versions/A/SpeechRecognitionCore
0x0000000107200000 	/Library/Java/JavaVirtualMachines/jdk1.8.0_66.jdk/Contents/Home/jre/lib/server/libjvm.dylib
0x0000000004a85000 	/usr/lib/libstdc++.6.dylib
0x00000001068bc000 	/Library/Java/JavaVirtualMachines/jdk1.8.0_66.jdk/Contents/Home/jre/lib/libverify.dylib
0x00000001068ca000 	/Library/Java/JavaVirtualMachines/jdk1.8.0_66.jdk/Contents/Home/jre/lib/libjava.dylib
0x0000000106909000 	/Library/Java/JavaVirtualMachines/jdk1.8.0_66.jdk/Contents/Home/jre/lib/libzip.dylib
0x000000011b497000 	/System/Library/Frameworks/JavaVM.framework/Frameworks/JavaRuntimeSupport.framework/JavaRuntimeSupport
0x000000011b4b2000 	/System/Library/Frameworks/JavaVM.framework/Versions/A/Frameworks/JavaNativeFoundation.framework/Versions/A/JavaNativeFoundation
0x000000011b4c7000 	/System/Library/Frameworks/JavaVM.framework/Versions/A/JavaVM
0x0000000004a85000 	/System/Library/Frameworks/Carbon.framework/Versions/A/Carbon
0x000000011b4d4000 	/System/Library/PrivateFrameworks/JavaLaunching.framework/Versions/A/JavaLaunching
0x0000000004a85000 	/System/Library/Frameworks/Carbon.framework/Versions/A/Frameworks/CommonPanels.framework/Versions/A/CommonPanels
0x0000000004a85000 	/System/Library/Frameworks/Carbon.framework/Versions/A/Frameworks/Help.framework/Versions/A/Help
0x0000000004a85000 	/System/Library/Frameworks/Carbon.framework/Versions/A/Frameworks/ImageCapture.framework/Versions/A/ImageCapture
0x0000000004a85000 	/System/Library/Frameworks/Carbon.framework/Versions/A/Frameworks/OpenScripting.framework/Versions/A/OpenScripting
0x0000000004a85000 	/System/Library/Frameworks/Carbon.framework/Versions/A/Frameworks/Print.framework/Versions/A/Print
0x0000000004a85000 	/System/Library/Frameworks/Carbon.framework/Versions/A/Frameworks/SecurityHI.framework/Versions/A/SecurityHI
0x000000011ce2c000 	/Library/Java/JavaVirtualMachines/jdk1.8.0_66.jdk/Contents/Home/jre/lib/libawt.dylib
0x000000011ced4000 	/Library/Java/JavaVirtualMachines/jdk1.8.0_66.jdk/Contents/Home/jre/lib/./libmlib_image.dylib
0x000000011cfa0000 	/Library/Java/JavaVirtualMachines/jdk1.8.0_66.jdk/Contents/Home/jre/lib/libawt_lwawt.dylib
0x000000011d055000 	/Library/Java/JavaVirtualMachines/jdk1.8.0_66.jdk/Contents/Home/jre/lib/./libosxapp.dylib
0x0000000004a85000 	/System/Library/Frameworks/ExceptionHandling.framework/Versions/A/ExceptionHandling
0x0000000004a85000 	/System/Library/PrivateFrameworks/CoreServicesInternal.framework/Versions/A/CoreServicesInternal
0x0000000004a85000 	/System/Library/Frameworks/CoreGraphics.framework/Versions/A/Resources/libRIP.A.dylib
0x0000000004a85000 	/System/Library/Frameworks/Accelerate.framework/Versions/A/Frameworks/vImage.framework/Versions/A/Libraries/libCGInterfaces.dylib
0x0000000004a85000 	/System/Library/Frameworks/CoreGraphics.framework/Versions/A/Resources/libCGXType.A.dylib
0x0000000004a85000 	/System/Library/Frameworks/OpenCL.framework/Versions/A/Libraries/libcldcpuengine.dylib
0x0000000004a85000 	/System/Library/PrivateFrameworks/DiskImages.framework/Versions/A/DiskImages
0x0000000004a85000 	/System/Library/Frameworks/DiscRecording.framework/Versions/A/DiscRecording
0x0000000004a85000 	/usr/lib/libcsfde.dylib
0x0000000004a85000 	/usr/lib/libcurl.4.dylib
0x0000000004a85000 	/System/Library/PrivateFrameworks/MediaKit.framework/Versions/A/MediaKit
0x0000000004a85000 	/System/Library/PrivateFrameworks/ProtectedCloudStorage.framework/Versions/A/ProtectedCloudStorage
0x0000000004a85000 	/usr/lib/libCoreStorage.dylib
0x0000000004a85000 	/System/Library/PrivateFrameworks/EFILogin.framework/Versions/A/EFILogin
0x0000000004a85000 	/usr/lib/libutil.dylib
0x0000000004a85000 	/System/Library/PrivateFrameworks/FindMyDevice.framework/Versions/A/FindMyDevice
0x0000000004a85000 	/System/Library/Frameworks/LDAP.framework/Versions/A/LDAP
0x0000000004a85000 	/usr/lib/libsasl2.2.dylib
0x0000000004a85000 	/System/Library/PrivateFrameworks/CoreDaemon.framework/Versions/B/CoreDaemon
0x0000000004a85000 	/usr/lib/libcrypto.0.9.8.dylib
0x0000000004a85000 	/System/Library/PrivateFrameworks/AppleSRP.framework/Versions/A/AppleSRP
0x0000000004a85000 	/System/Library/PrivateFrameworks/TrustEvaluationAgent.framework/Versions/A/TrustEvaluationAgent
0x000000011e8bf000 	cl_kernels
0x0000000004a85000 	/System/Library/Frameworks/OpenCL.framework/Versions/A/Libraries/ImageFormats/unorm8_bgra.dylib
0x0000000004a85000 	/System/Library/Frameworks/OpenCL.framework/Versions/A/Libraries/ImageFormats/unorm8_rgba.dylib
0x0000000004a85000 	/System/Library/PrivateFrameworks/FamilyControls.framework/Versions/A/FamilyControls
0x0000000004a85000 	/System/Library/PrivateFrameworks/CommerceKit.framework/Versions/A/Frameworks/CommerceCore.framework/Versions/A/CommerceCore
0x0000000004a85000 	/System/Library/PrivateFrameworks/SystemAdministration.framework/Versions/A/SystemAdministration
0x0000000004a85000 	/System/Library/PrivateFrameworks/AppContainer.framework/Versions/A/AppContainer
0x0000000004a85000 	/System/Library/PrivateFrameworks/SecCodeWrapper.framework/Versions/A/SecCodeWrapper
0x0000000004a85000 	/System/Library/Frameworks/DirectoryService.framework/Versions/A/DirectoryService
0x0000000004a85000 	/System/Library/PrivateFrameworks/LoginUIKit.framework/Versions/A/Frameworks/LoginUICore.framework/Versions/A/LoginUICore
0x0000000004a85000 	/usr/lib/libodfde.dylib
0x0000000004a85000 	/System/Library/Frameworks/OpenGL.framework/Versions/A/Resources/GLEngine.bundle/GLEngine
0x0000000004a85000 	/System/Library/Frameworks/OpenGL.framework/Versions/A/Libraries/libGLProgrammability.dylib
0x000000011f8fc000 	/System/Library/Extensions/AppleIntelHD4000GraphicsGLDriver.bundle/Contents/MacOS/AppleIntelHD4000GraphicsGLDriver
0x0000000004a85000 	/System/Library/PrivateFrameworks/GPUSupport.framework/Versions/A/Libraries/libGPUSupportMercury.dylib
0x0000000004a85000 	/System/Library/Frameworks/OpenGL.framework/Versions/A/Resources/GLRendererFloat.bundle/GLRendererFloat
0x0000000120866000 	/Library/Java/JavaVirtualMachines/jdk1.8.0_66.jdk/Contents/Home/jre/lib/libfontmanager.dylib
0x0000000121ce1000 	/Library/Java/JavaVirtualMachines/jdk1.8.0_66.jdk/Contents/Home/jre/lib/libosxui.dylib
0x0000000122903000 	/Library/Java/JavaVirtualMachines/jdk1.8.0_66.jdk/Contents/Home/jre/lib/libnet.dylib
0x000000012291a000 	/Library/Java/JavaVirtualMachines/jdk1.8.0_66.jdk/Contents/Home/jre/lib/libnio.dylib
0x0000000004a85000 	/System/Library/Frameworks/ApplicationServices.framework/Versions/A/Frameworks/ATS.framework/Versions/A/Resources/libTrueTypeScaler.dylib
0x0000000186f32000 	/System/Library/Extensions/AppleIntelHD4000GraphicsMTLDriver.bundle/Contents/MacOS/AppleIntelHD4000GraphicsMTLDriver
0x000000011de67000 	/private/var/folders/v7/m_7hp0g111n_0hjcbnqwrbd80000gn/T/jogamp_0000/file_cache/jln188787037390946555/jln3755281032655653890/libgluegen-rt.jnilib
0x000000011de6c000 	/private/var/folders/v7/m_7hp0g111n_0hjcbnqwrbd80000gn/T/jogamp_0000/file_cache/jln188787037390946555/jln3755281032655653890/libnativewindow_awt.jnilib
0x000000011de6f000 	/Library/Java/JavaVirtualMachines/jdk1.8.0_66.jdk/Contents/Home/jre/lib/libjawt.dylib
0x000000011de72000 	/private/var/folders/v7/m_7hp0g111n_0hjcbnqwrbd80000gn/T/jogamp_0000/file_cache/jln188787037390946555/jln3755281032655653890/libnativewindow_macosx.jnilib
0x0000000188d67000 	/private/var/folders/v7/m_7hp0g111n_0hjcbnqwrbd80000gn/T/jogamp_0000/file_cache/jln188787037390946555/jln3755281032655653890/libjogl_desktop.jnilib
0x0000000004a85000 	/System/Library/PrivateFrameworks/Shortcut.framework/Versions/A/Shortcut
0x0000000004a85000 	/System/Library/PrivateFrameworks/HelpData.framework/Versions/A/HelpData
0x0000000004a85000 	/usr/lib/libtidy.A.dylib

VM Arguments:
jvm_args: -Djava.security.policy=java.policy.applet -Dfile.encoding=UTF-8 
java_command: sun.applet.AppletViewer module3.EarthquakeCityMap1455465586510.html
java_class_path (initial): /Users/eliyahudorsky/Desktop/Basic Information/Parnasa/Coding/Coding Education/Java Course/Workspace/UCSDUnfoldingMaps/build:/Users/eliyahudorsky/Desktop/Basic Information/Parnasa/Coding/Coding Education/Java Course/Workspace/UCSDUnfoldingMaps/lib/core.jar:/Users/eliyahudorsky/Desktop/Basic Information/Parnasa/Coding/Coding Education/Java Course/Workspace/UCSDUnfoldingMaps/lib/gluegen-rt.jar:/Users/eliyahudorsky/Desktop/Basic Information/Parnasa/Coding/Coding Education/Java Course/Workspace/UCSDUnfoldingMaps/lib/jogl-all.jar:/Users/eliyahudorsky/Desktop/Basic Information/Parnasa/Coding/Coding Education/Java Course/Workspace/UCSDUnfoldingMaps/lib/log4j-1.2.15.jar:/Users/eliyahudorsky/Desktop/Basic Information/Parnasa/Coding/Coding Education/Java Course/Workspace/UCSDUnfoldingMaps/lib/sqlite-jdbc-3.7.2.jar:/Users/eliyahudorsky/Desktop/Basic Information/Parnasa/Coding/Coding Education/Java Course/Workspace/UCSDUnfoldingMaps/lib/json4processing.jar:/Users/eliyahudorsky/Desktop/Basic Information/Parnasa/Coding/Coding Education/Java Course/Workspace/UCSDUnfoldingMaps/lib/libTUIO.jar:/Users/eliyahudorsky/Desktop/Basic Information/Parnasa/Coding/Coding Education/Java Course/Workspace/UCSDUnfoldingMaps/lib/unfolding.0.9.7-uscd.jar
Launcher Type: SUN_STANDARD

Environment Variables:
PATH=/usr/bin:/bin:/usr/sbin:/sbin
SHELL=/bin/bash

Signal Handlers:
SIGSEGV: [libjvm.dylib+0x5a65d5], sa_mask[0]=11111111011111110111111111111111, sa_flags=SA_ONSTACK|SA_RESTART|SA_SIGINFO
SIGBUS: [libjvm.dylib+0x5a65d5], sa_mask[0]=11111111011111110111111111111111, sa_flags=SA_RESTART|SA_SIGINFO
SIGFPE: [libjvm.dylib+0x4802e8], sa_mask[0]=11111111011111110111111111111111, sa_flags=SA_RESTART|SA_SIGINFO
SIGPIPE: [libjvm.dylib+0x4802e8], sa_mask[0]=11111111011111110111111111111111, sa_flags=SA_RESTART|SA_SIGINFO
SIGXFSZ: [libjvm.dylib+0x4802e8], sa_mask[0]=11111111011111110111111111111111, sa_flags=SA_RESTART|SA_SIGINFO
SIGILL: [libjvm.dylib+0x4802e8], sa_mask[0]=11111111011111110111111111111111, sa_flags=SA_RESTART|SA_SIGINFO
SIGUSR1: SIG_DFL, sa_mask[0]=00000000000000000000000000000000, sa_flags=none
SIGUSR2: [libjvm.dylib+0x47fe06], sa_mask[0]=00100000000000000000000000000000, sa_flags=SA_RESTART|SA_SIGINFO
SIGHUP: [libjvm.dylib+0x47e3dd], sa_mask[0]=11111111011111110111111111111111, sa_flags=SA_RESTART|SA_SIGINFO
SIGINT: [libjvm.dylib+0x47e3dd], sa_mask[0]=11111111011111110111111111111111, sa_flags=SA_RESTART|SA_SIGINFO
SIGTERM: [libjvm.dylib+0x47e3dd], sa_mask[0]=11111111011111110111111111111111, sa_flags=SA_RESTART|SA_SIGINFO
SIGQUIT: [libjvm.dylib+0x47e3dd], sa_mask[0]=11111111011111110111111111111111, sa_flags=SA_RESTART|SA_SIGINFO


---------------  S Y S T E M  ---------------

OS:Bsduname:Darwin 15.0.0 Darwin Kernel Version 15.0.0: Sat Sep 19 15:53:46 PDT 2015; root:xnu-3247.10.11~1/RELEASE_X86_64 x86_64
rlimit: STACK 8192k, CORE 0k, NPROC 709, NOFILE 10240, AS infinity
load average:3.00 2.42 2.35

CPU:total 4 (2 cores per cpu, 2 threads per core) family 6 model 58 stepping 9, cmov, cx8, fxsr, mmx, sse, sse2, sse3, ssse3, sse4.1, sse4.2, popcnt, avx, aes, clmul, erms, ht, tsc, tscinvbit, tscinv

Memory: 4k page, physical 4194304k(279232k free)

/proc/meminfo:


vm_info: Java HotSpot(TM) 64-Bit Server VM (25.66-b17) for bsd-amd64 JRE (1.8.0_66-b17), built on Oct  6 2015 16:09:13 by "java_re" with gcc 4.2.1 (Based on Apple Inc. build 5658) (LLVM build 2336.11.00)

time: Sun Feb 14 12:34:32 2016
elapsed time: 3876 seconds (0d 1h 4m 36s)

