#
# A fatal error has been detected by the Java Runtime Environment:
#
#  SIGSEGV (0xb) at pc=0x00007fff89783e5d, pid=57846, tid=2571
#
# JRE version: Java(TM) SE Runtime Environment (8.0_66-b17) (build 1.8.0_66-b17)
# Java VM: Java HotSpot(TM) 64-Bit Server VM (25.66-b17 mixed mode bsd-amd64 compressed oops)
# Problematic frame:
# C  [libobjc.A.dylib+0x7e5d]  objc_msgSend+0x1d
#
# Failed to write core dump. Core dumps have been disabled. To enable core dumping, try "ulimit -c unlimited" before starting Java again
#
# If you would like to submit a bug report, please visit:
#   http://bugreport.java.com/bugreport/crash.jsp
# The crash happened outside the Java Virtual Machine in native code.
# See problematic frame for where to report the bug.
#

---------------  T H R E A D  ---------------

Current thread (0x00007fbcd5868000):  JavaThread "AWT-AppKit" daemon [_thread_in_native, id=2571, stack(0x00007fff5eac2000,0x00007fff5f2c2000)]

siginfo: si_signo: 11 (SIGSEGV), si_code: 1 (SEGV_MAPERR), si_addr: 0x0000000000000018

Registers:
RAX=0x00007fbcd8ba4ad0, RBX=0x000000011817b450, RCX=0x000000011818f6a0, RDX=0x000000011818f7e0
RSP=0x00007fff5f2bd218, RBP=0x00007fff5f2bd2d0, RSI=0x00007fff87b02d0e, RDI=0x00007fbcd8c22020
R8 =0x0000000000000000, R9 =0x0000000000000810, R10=0x00007fff87b02d0e, R11=0x0000000000000000
R12=0x0000000000000000, R13=0x0000000183138ba8, R14=0x000000011817b440, R15=0x00007fbcd5868000
RIP=0x00007fff89783e5d, EFLAGS=0x0000000000010246, ERR=0x0000000000000004
  TRAPNO=0x000000000000000e

Top of Stack: (sp=0x00007fff5f2bd218)
0x00007fff5f2bd218:   0000000118179157 00007fff5f2bd270
0x00007fff5f2bd228:   0000000000000003 00007fff5f2bd250
0x00007fff5f2bd238:   00000001015f11f6 0000000183138ba8
0x00007fff5f2bd248:   0000000183138ba8 00007fbcd8ba4ad0
0x00007fff5f2bd258:   000000011817b6a0 000000011817b710
0x00007fff5f2bd268:   00007fff78462740 00007fff77fca4c0
0x00007fff5f2bd278:   000000011817b450 000000011817b690
0x00007fff5f2bd288:   00007fbcd8ba4ad0 00007fbcd8c22020
0x00007fff5f2bd298:   00007fbcd3ed8840 00007fbcd8ba4ad0
0x00007fff5f2bd2a8:   00007fbcd8c22020 00007fff5f2bd350
0x00007fff5f2bd2b8:   00007fbcd58681f8 0000000183138ba8
0x00007fff5f2bd2c8:   00007fff5f2bd378 00007fff5f2bd340
0x00007fff5f2bd2d8:   00000001023d0954 00007fff5f2bd340
0x00007fff5f2bd2e8:   00000001023d06d9 00000001023dc823
0x00007fff5f2bd2f8:   00000001023d06a2 00007fff5f2bd300
0x00007fff5f2bd308:   0000000183138ba8 00007fff5f2bd378
0x00007fff5f2bd318:   000000018315c028 0000000000000000
0x00007fff5f2bd328:   0000000183138ba8 0000000000000000
0x00007fff5f2bd338:   00007fff5f2bd360 00007fff5f2bd3c0
0x00007fff5f2bd348:   00000001023c2c4d 00000007abf20478
0x00007fff5f2bd358:   00000001023ca578 00007fbcd8ba4ad0
0x00007fff5f2bd368:   00000001023cbdb9 00007fbcd8c22020
0x00007fff5f2bd378:   00000001023cbd82 00007fff5f2bd380
0x00007fff5f2bd388:   0000000183138d72 00007fff5f2bd3e8
0x00007fff5f2bd398:   000000018315c028 0000000000000000
0x00007fff5f2bd3a8:   0000000183138d80 00007fff5f2bd360
0x00007fff5f2bd3b8:   00007fff5f2bd3d0 00007fff5f2bd430
0x00007fff5f2bd3c8:   00000001023c2c4d 00007fbcd8ba4ad0
0x00007fff5f2bd3d8:   00000007abf96dd0 00007fbcd8c22020
0x00007fff5f2bd3e8:   00000007abf96dd0 00007fff5f2bd3f0
0x00007fff5f2bd3f8:   0000000189876036 00007fff5f2bd440
0x00007fff5f2bd408:   00000001898760f0 0000000000000000 

Instructions: (pc=0x00007fff89783e5d)
0x00007fff89783e3d:   44 00 00 48 85 ff 2e 74 62 40 f6 c7 01 2e 75 66
0x00007fff89783e4d:   49 bb f8 ff ff ff ff 7f 00 00 4c 23 1f 49 89 f2
0x00007fff89783e5d:   45 23 53 18 49 c1 e2 04 4d 03 53 10 49 3b 32 75
0x00007fff89783e6d:   04 41 ff 62 08 49 83 3a 01 76 0d 49 83 c2 10 49 

Register to memory mapping:

RAX=0x00007fbcd8ba4ad0 is an unknown value
RBX=0x000000011817b450: Java_jogamp_nativewindow_macosx_OSXUtil_GetScreenRefreshRate0+0x1cf0 in /private/var/folders/v7/m_7hp0g111n_0hjcbnqwrbd80000gn/T/jogamp_0000/file_cache/jln4022082096221220204/jln7967832112067033934/libnativewindow_macosx.jnilib at 0x0000000118174000
RCX=0x000000011818f6a0 is an unknown value
RDX=0x000000011818f7e0 is an unknown value
RSP=0x00007fff5f2bd218 is pointing into the stack for thread: 0x00007fbcd5868000
RBP=0x00007fff5f2bd2d0 is pointing into the stack for thread: 0x00007fbcd5868000
RSI=0x00007fff87b02d0e is an unknown value
RDI=0x00007fbcd8c22020 is an unknown value
R8 =0x0000000000000000 is an unknown value
R9 =0x0000000000000810 is an unknown value
R10=0x00007fff87b02d0e is an unknown value
R11=0x0000000000000000 is an unknown value
R12=0x0000000000000000 is an unknown value
R13={method} {0x0000000183138ba8} 'UnsetJAWTRootSurfaceLayer0' '(JJ)V' in 'jogamp/nativewindow/jawt/macosx/MacOSXJAWTWindow'
R14=0x000000011817b440: Java_jogamp_nativewindow_macosx_OSXUtil_GetScreenRefreshRate0+0x1ce0 in /private/var/folders/v7/m_7hp0g111n_0hjcbnqwrbd80000gn/T/jogamp_0000/file_cache/jln4022082096221220204/jln7967832112067033934/libnativewindow_macosx.jnilib at 0x0000000118174000
R15=0x00007fbcd5868000 is a thread


Stack: [0x00007fff5eac2000,0x00007fff5f2c2000],  sp=0x00007fff5f2bd218,  free space=8172k
Native frames: (J=compiled Java code, j=interpreted, Vv=VM code, C=native code)
C  [libobjc.A.dylib+0x7e5d]  objc_msgSend+0x1d
j  jogamp.nativewindow.jawt.macosx.MacOSXJAWTWindow.UnsetJAWTRootSurfaceLayer0(JJ)V+0
j  jogamp.nativewindow.jawt.macosx.MacOSXJAWTWindow.access$200(JJ)V+2
j  jogamp.nativewindow.jawt.macosx.MacOSXJAWTWindow$1.run()V+38
j  com.jogamp.common.util.RunnableTask.run()V+24
v  ~StubRoutines::call_stub
V  [libjvm.dylib+0x2ea35e]  JavaCalls::call_helper(JavaValue*, methodHandle*, JavaCallArguments*, Thread*)+0x6ae
V  [libjvm.dylib+0x321467]  jni_invoke_nonstatic(JNIEnv_*, JavaValue*, _jobject*, JNICallType, _jmethodID*, JNI_ArgumentPusher*, Thread*)+0x2ec
V  [libjvm.dylib+0x313c3b]  jni_CallVoidMethod+0x16b
C  [libnativewindow_macosx.jnilib+0x5326]  Java_jogamp_nativewindow_jawt_macosx_MacOSXJAWTWindow_UnsetJAWTRootSurfaceLayer0+0x2b6
C  [Foundation+0x7741e]  __NSThreadPerformPerform+0x117
C  [CoreFoundation+0xaa8b1]  __CFRUNLOOP_IS_CALLING_OUT_TO_A_SOURCE0_PERFORM_FUNCTION__+0x11
C  [CoreFoundation+0x8a027]  __CFRunLoopDoSources0+0x1a7
C  [CoreFoundation+0x895cf]  __CFRunLoopRun+0x39f
C  [CoreFoundation+0x88fc8]  CFRunLoopRunSpecific+0x128
C  [HIToolbox+0x30d55]  RunCurrentEventLoopInMode+0xeb
C  [HIToolbox+0x30a97]  ReceiveNextEventCommon+0xb8
C  [HIToolbox+0x309cf]  _BlockUntilNextEventMatchingListInModeWithFilter+0x47
C  [AppKit+0x49d96]  _DPSNextEvent+0x42b
C  [AppKit+0x491c5]  -[NSApplication _nextEventMatchingEventMask:untilDate:inMode:dequeue:]+0x1c6
C  [libosxapp.dylib+0x23aa]  -[NSApplicationAWT nextEventMatchingMask:untilDate:inMode:dequeue:]+0x7c
C  [AppKit+0x3dd28]  -[NSApplication run]+0x2aa
C  [libosxapp.dylib+0x214d]  +[NSApplicationAWT runAWTLoopWithApp:]+0x9c
C  [libawt_lwawt.dylib+0x4455b]  -[AWTStarter starter:]+0x389
C  [Foundation+0x7741e]  __NSThreadPerformPerform+0x117
C  [CoreFoundation+0xaa8b1]  __CFRUNLOOP_IS_CALLING_OUT_TO_A_SOURCE0_PERFORM_FUNCTION__+0x11
C  [CoreFoundation+0x8a0ac]  __CFRunLoopDoSources0+0x22c
C  [CoreFoundation+0x895cf]  __CFRunLoopRun+0x39f
C  [CoreFoundation+0x88fc8]  CFRunLoopRunSpecific+0x128
C  [java+0x6463]  CreateExecutionEnvironment+0x367
C  [java+0x21ac]  JLI_Launch+0x7a0
C  [java+0x84c0]  main+0x65
C  [java+0x1a04]  start+0x34
C  0x0000000000000007

Java frames: (J=compiled Java code, j=interpreted, Vv=VM code)
j  jogamp.nativewindow.jawt.macosx.MacOSXJAWTWindow.UnsetJAWTRootSurfaceLayer0(JJ)V+0
j  jogamp.nativewindow.jawt.macosx.MacOSXJAWTWindow.access$200(JJ)V+2
j  jogamp.nativewindow.jawt.macosx.MacOSXJAWTWindow$1.run()V+38
j  com.jogamp.common.util.RunnableTask.run()V+24
v  ~StubRoutines::call_stub

---------------  P R O C E S S  ---------------

Java Threads: ( => current thread )
  0x00007fbcd91b7800 JavaThread "Thread-19" [_thread_blocked, id=65067, stack(0x0000700001a71000,0x0000700001b71000)]
  0x00007fbcd5e96800 JavaThread "Image Fetcher 1" daemon [_thread_blocked, id=66819, stack(0x0000700002083000,0x0000700002183000)]
  0x00007fbcd43e3000 JavaThread "Image Fetcher 0" daemon [_thread_blocked, id=66307, stack(0x0000700001f80000,0x0000700002080000)]
  0x00007fbcd900c000 JavaThread "Keep-Alive-Timer" daemon [_thread_blocked, id=66099, stack(0x0000700001e7d000,0x0000700001f7d000)]
  0x00007fbcd5c5a800 JavaThread "AWT-EventQueue-1" [_thread_in_native, id=59667, stack(0x00007000018eb000,0x00007000019eb000)]
  0x00007fbcd5003000 JavaThread "DestroyJavaVM" [_thread_blocked, id=5891, stack(0x000070000011a000,0x000070000021a000)]
  0x00007fbcd4a02000 JavaThread "AWT-EventQueue-0" [_thread_blocked, id=56323, stack(0x00007000016e5000,0x00007000017e5000)]
  0x00007fbcd49cf000 JavaThread "Java2D Disposer" daemon [_thread_blocked, id=52995, stack(0x000070000145c000,0x000070000155c000)]
  0x00007fbcd4985000 JavaThread "Java2D Queue Flusher" daemon [_thread_blocked, id=49927, stack(0x0000700001359000,0x0000700001459000)]
  0x00007fbcd5942800 JavaThread "AWT-Shutdown" [_thread_blocked, id=29715, stack(0x00007000011d3000,0x00007000012d3000)]
=>0x00007fbcd5868000 JavaThread "AWT-AppKit" daemon [_thread_in_native, id=2571, stack(0x00007fff5eac2000,0x00007fff5f2c2000)]
  0x00007fbcd585b000 JavaThread "Service Thread" daemon [_thread_blocked, id=18691, stack(0x0000700000e44000,0x0000700000f44000)]
  0x00007fbcd4821000 JavaThread "C1 CompilerThread2" daemon [_thread_blocked, id=18179, stack(0x0000700000d41000,0x0000700000e41000)]
  0x00007fbcd4820000 JavaThread "C2 CompilerThread1" daemon [_thread_blocked, id=17667, stack(0x0000700000c3e000,0x0000700000d3e000)]
  0x00007fbcd4818000 JavaThread "C2 CompilerThread0" daemon [_thread_blocked, id=17155, stack(0x0000700000b3b000,0x0000700000c3b000)]
  0x00007fbcd4008800 JavaThread "Signal Dispatcher" daemon [_thread_blocked, id=13839, stack(0x0000700000a38000,0x0000700000b38000)]
  0x00007fbcd5803000 JavaThread "Finalizer" daemon [_thread_blocked, id=12291, stack(0x000070000082f000,0x000070000092f000)]
  0x00007fbcd4810800 JavaThread "Reference Handler" daemon [_thread_blocked, id=11779, stack(0x000070000072c000,0x000070000082c000)]

Other Threads:
  0x00007fbcd480e000 VMThread [stack: 0x0000700000629000,0x0000700000729000] [id=11267]
  0x00007fbcd585c800 WatcherThread [stack: 0x0000700000f47000,0x0000700001047000] [id=19203]

VM state:not at safepoint (normal execution)

VM Mutex/Monitor currently owned by a thread: None

Heap:
 PSYoungGen      total 18944K, used 18333K [0x00000007aab00000, 0x00000007ad000000, 0x00000007c0000000)
  eden space 16384K, 96% used [0x00000007aab00000,0x00000007aba6f780,0x00000007abb00000)
  from space 2560K, 98% used [0x00000007abd80000,0x00000007abff8030,0x00000007ac000000)
  to   space 2560K, 0% used [0x00000007abb00000,0x00000007abb00000,0x00000007abd80000)
 ParOldGen       total 44032K, used 12867K [0x0000000780000000, 0x0000000782b00000, 0x00000007aab00000)
  object space 44032K, 29% used [0x0000000780000000,0x0000000780c90f88,0x0000000782b00000)
 Metaspace       used 20423K, capacity 20619K, committed 20864K, reserved 1069056K
  class space    used 2028K, capacity 2110K, committed 2176K, reserved 1048576K

Card table byte_map: [0x000000011177b000,0x000000011197c000] byte_map_base: 0x000000010db7b000

Marking Bits: (ParMarkBitMap*) 0x0000000101cdde20
 Begin Bits: [0x0000000111ad2000, 0x0000000112ad2000)
 End Bits:   [0x0000000112ad2000, 0x0000000113ad2000)

Polling page: 0x0000000100bcc000

CodeCache: size=245760Kb used=6634Kb max_used=6647Kb free=239125Kb
 bounds [0x00000001023bb000, 0x0000000102a4b000, 0x00000001113bb000]
 total_blobs=2640 nmethods=1753 adapters=801
 compilation: enabled

Compilation events (10 events):
Event: 6.623 Thread 0x00007fbcd4821000 nmethod 1910 0x0000000102a34b10 code [0x0000000102a34d60, 0x0000000102a35b88]
Event: 6.623 Thread 0x00007fbcd4821000 1912       1       sun.java2d.opengl.CGLSurfaceData::getDefaultScale (5 bytes)
Event: 6.623 Thread 0x00007fbcd4821000 nmethod 1912 0x0000000102a36190 code [0x0000000102a362e0, 0x0000000102a363f0]
Event: 6.632 Thread 0x00007fbcd4820000 nmethod 1911 0x0000000102a395d0 code [0x0000000102a39740, 0x0000000102a39cb8]
Event: 6.635 Thread 0x00007fbcd4821000 1913       3       java.util.HashMap::putVal (300 bytes)
Event: 6.636 Thread 0x00007fbcd4821000 nmethod 1913 0x0000000102a379d0 code [0x0000000102a37c40, 0x0000000102a38ef8]
Event: 6.649 Thread 0x00007fbcd4818000 1914  s    4       sun.misc.URLClassPath::getNextLoader (88 bytes)
Event: 6.649 Thread 0x00007fbcd4821000 1915  s!   2       sun.misc.URLClassPath::getLoader (197 bytes)
Event: 6.653 Thread 0x00007fbcd4821000 nmethod 1915 0x0000000102a39f50 code [0x0000000102a3a240, 0x0000000102a3b948]
Event: 6.657 Thread 0x00007fbcd4818000 nmethod 1914 0x0000000102a3ec90 code [0x0000000102a3ee00, 0x0000000102a3f578]

GC Heap History (8 events):
Event: 2.066 GC heap before
{Heap before GC invocations=1 (full 0):
 PSYoungGen      total 18944K, used 16384K [0x00000007aab00000, 0x00000007ac000000, 0x00000007c0000000)
  eden space 16384K, 100% used [0x00000007aab00000,0x00000007abb00000,0x00000007abb00000)
  from space 2560K, 0% used [0x00000007abd80000,0x00000007abd80000,0x00000007ac000000)
  to   space 2560K, 0% used [0x00000007abb00000,0x00000007abb00000,0x00000007abd80000)
 ParOldGen       total 44032K, used 0K [0x0000000780000000, 0x0000000782b00000, 0x00000007aab00000)
  object space 44032K, 0% used [0x0000000780000000,0x0000000780000000,0x0000000782b00000)
 Metaspace       used 11206K, capacity 11400K, committed 11648K, reserved 1058816K
  class space    used 1269K, capacity 1346K, committed 1408K, reserved 1048576K
Event: 2.072 GC heap after
Heap after GC invocations=1 (full 0):
 PSYoungGen      total 18944K, used 2556K [0x00000007aab00000, 0x00000007ac000000, 0x00000007c0000000)
  eden space 16384K, 0% used [0x00000007aab00000,0x00000007aab00000,0x00000007abb00000)
  from space 2560K, 99% used [0x00000007abb00000,0x00000007abd7f150,0x00000007abd80000)
  to   space 2560K, 0% used [0x00000007abd80000,0x00000007abd80000,0x00000007ac000000)
 ParOldGen       total 44032K, used 948K [0x0000000780000000, 0x0000000782b00000, 0x00000007aab00000)
  object space 44032K, 2% used [0x0000000780000000,0x00000007800ed1f8,0x0000000782b00000)
 Metaspace       used 11206K, capacity 11400K, committed 11648K, reserved 1058816K
  class space    used 1269K, capacity 1346K, committed 1408K, reserved 1048576K
}
Event: 2.504 GC heap before
{Heap before GC invocations=2 (full 0):
 PSYoungGen      total 18944K, used 18940K [0x00000007aab00000, 0x00000007ac000000, 0x00000007c0000000)
  eden space 16384K, 100% used [0x00000007aab00000,0x00000007abb00000,0x00000007abb00000)
  from space 2560K, 99% used [0x00000007abb00000,0x00000007abd7f150,0x00000007abd80000)
  to   space 2560K, 0% used [0x00000007abd80000,0x00000007abd80000,0x00000007ac000000)
 ParOldGen       total 44032K, used 948K [0x0000000780000000, 0x0000000782b00000, 0x00000007aab00000)
  object space 44032K, 2% used [0x0000000780000000,0x00000007800ed1f8,0x0000000782b00000)
 Metaspace       used 15735K, capacity 15925K, committed 16000K, reserved 1062912K
  class space    used 1590K, capacity 1659K, committed 1664K, reserved 1048576K
Event: 2.510 GC heap after
Heap after GC invocations=2 (full 0):
 PSYoungGen      total 18944K, used 2544K [0x00000007aab00000, 0x00000007ac000000, 0x00000007c0000000)
  eden space 16384K, 0% used [0x00000007aab00000,0x00000007aab00000,0x00000007abb00000)
  from space 2560K, 99% used [0x00000007abd80000,0x00000007abffc030,0x00000007ac000000)
  to   space 2560K, 0% used [0x00000007abb00000,0x00000007abb00000,0x00000007abd80000)
 ParOldGen       total 44032K, used 2397K [0x0000000780000000, 0x0000000782b00000, 0x00000007aab00000)
  object space 44032K, 5% used [0x0000000780000000,0x0000000780257718,0x0000000782b00000)
 Metaspace       used 15735K, capacity 15925K, committed 16000K, reserved 1062912K
  class space    used 1590K, capacity 1659K, committed 1664K, reserved 1048576K
}
Event: 4.371 GC heap before
{Heap before GC invocations=3 (full 0):
 PSYoungGen      total 18944K, used 17245K [0x00000007aab00000, 0x00000007ac000000, 0x00000007c0000000)
  eden space 16384K, 89% used [0x00000007aab00000,0x00000007ab95b3e0,0x00000007abb00000)
  from space 2560K, 99% used [0x00000007abd80000,0x00000007abffc030,0x00000007ac000000)
  to   space 2560K, 0% used [0x00000007abb00000,0x00000007abb00000,0x00000007abd80000)
 ParOldGen       total 44032K, used 2397K [0x0000000780000000, 0x0000000782b00000, 0x00000007aab00000)
  object space 44032K, 5% used [0x0000000780000000,0x0000000780257718,0x0000000782b00000)
 Metaspace       used 19041K, capacity 19231K, committed 19456K, reserved 1067008K
  class space    used 1935K, capacity 2012K, committed 2048K, reserved 1048576K
Event: 4.379 GC heap after
Heap after GC invocations=3 (full 0):
 PSYoungGen      total 18944K, used 2544K [0x00000007aab00000, 0x00000007ac000000, 0x00000007c0000000)
  eden space 16384K, 0% used [0x00000007aab00000,0x00000007aab00000,0x00000007abb00000)
  from space 2560K, 99% used [0x00000007abb00000,0x00000007abd7c050,0x00000007abd80000)
  to   space 2560K, 0% used [0x00000007abd80000,0x00000007abd80000,0x00000007ac000000)
 ParOldGen       total 44032K, used 5429K [0x0000000780000000, 0x0000000782b00000, 0x00000007aab00000)
  object space 44032K, 12% used [0x0000000780000000,0x000000078054d610,0x0000000782b00000)
 Metaspace       used 19041K, capacity 19231K, committed 19456K, reserved 1067008K
  class space    used 1935K, capacity 2012K, committed 2048K, reserved 1048576K
}
Event: 4.921 GC heap before
{Heap before GC invocations=4 (full 0):
 PSYoungGen      total 18944K, used 18888K [0x00000007aab00000, 0x00000007ac000000, 0x00000007c0000000)
  eden space 16384K, 99% used [0x00000007aab00000,0x00000007abaf6280,0x00000007abb00000)
  from space 2560K, 99% used [0x00000007abb00000,0x00000007abd7c050,0x00000007abd80000)
  to   space 2560K, 0% used [0x00000007abd80000,0x00000007abd80000,0x00000007ac000000)
 ParOldGen       total 44032K, used 5429K [0x0000000780000000, 0x0000000782b00000, 0x00000007aab00000)
  object space 44032K, 12% used [0x0000000780000000,0x000000078054d610,0x0000000782b00000)
 Metaspace       used 20019K, capacity 20229K, committed 20352K, reserved 1067008K
  class space    used 2019K, capacity 2109K, committed 2176K, reserved 1048576K
Event: 4.934 GC heap after
Heap after GC invocations=4 (full 0):
 PSYoungGen      total 18944K, used 2528K [0x00000007aab00000, 0x00000007ad000000, 0x00000007c0000000)
  eden space 16384K, 0% used [0x00000007aab00000,0x00000007aab00000,0x00000007abb00000)
  from space 2560K, 98% used [0x00000007abd80000,0x00000007abff8030,0x00000007ac000000)
  to   space 2560K, 0% used [0x00000007abb00000,0x00000007abb00000,0x00000007abd80000)
 ParOldGen       total 44032K, used 12867K [0x0000000780000000, 0x0000000782b00000, 0x00000007aab00000)
  object space 44032K, 29% used [0x0000000780000000,0x0000000780c90f88,0x0000000782b00000)
 Metaspace       used 20019K, capacity 20229K, committed 20352K, reserved 1067008K
  class space    used 2019K, capacity 2109K, committed 2176K, reserved 1048576K
}

Deoptimization events (10 events):
Event: 2.171 Thread 0x00007fbcd5971000 Uncommon trap: reason=unstable_if action=reinterpret pc=0x0000000102580f40 method=java.lang.String.indexOf([CII[CIII)I @ 3
Event: 2.175 Thread 0x00007fbcd5971000 Uncommon trap: reason=bimorphic action=maybe_recompile pc=0x000000010263dfa4 method=java.util.HashMap.getNode(ILjava/lang/Object;)Ljava/util/HashMap$Node; @ 126
Event: 2.175 Thread 0x00007fbcd5971000 Uncommon trap: reason=bimorphic action=maybe_recompile pc=0x000000010263dfa4 method=java.util.HashMap.getNode(ILjava/lang/Object;)Ljava/util/HashMap$Node; @ 126
Event: 2.176 Thread 0x00007fbcd5971000 Uncommon trap: reason=bimorphic action=maybe_recompile pc=0x000000010263dfa4 method=java.util.HashMap.getNode(ILjava/lang/Object;)Ljava/util/HashMap$Node; @ 126
Event: 2.176 Thread 0x00007fbcd5971000 Uncommon trap: reason=bimorphic action=maybe_recompile pc=0x000000010263dfa4 method=java.util.HashMap.getNode(ILjava/lang/Object;)Ljava/util/HashMap$Node; @ 126
Event: 3.293 Thread 0x00007fbcd5c5a800 Uncommon trap: reason=unstable_if action=reinterpret pc=0x0000000102571f90 method=java.lang.AbstractStringBuilder.append(Ljava/lang/String;)Ljava/lang/AbstractStringBuilder; @ 1
Event: 4.321 Thread 0x00007fbcd5c5a800 Uncommon trap: reason=class_check action=maybe_recompile pc=0x0000000102802888 method=com.sun.org.apache.xerces.internal.impl.XMLDocumentScannerImpl.next()I @ 4
Event: 4.553 Thread 0x00007fbcd5c5a800 Uncommon trap: reason=unstable_if action=reinterpret pc=0x000000010287bfbc method=com.jogamp.common.util.IntIntHashMap.get(I)I @ 28
Event: 6.619 Thread 0x00007fbcd5c5a800 Uncommon trap: reason=unstable_if action=reinterpret pc=0x00000001029615e8 method=com.jogamp.common.util.VersionNumber.compareTo(Lcom/jogamp/common/util/VersionNumber;)I @ 21
Event: 6.635 Thread 0x00007fbcd4193000 Uncommon trap: reason=unstable_if action=reinterpret pc=0x0000000102888170 method=java.util.HashMap.putVal(ILjava/lang/Object;Ljava/lang/Object;ZZ)Ljava/lang/Object; @ 81

Internal exceptions (10 events):
Event: 0.199 Thread 0x00007fbcd5003000 Exception <a 'java/lang/NoSuchFieldError': method resolution failed> (0x00000007aad545f8) thrown at [/HUDSON3/workspace/8-2-build-macosx-x86_64/jdk8u66/4988/hotspot/src/share/vm/prims/methodHandles.cpp, line 1146]
Event: 0.204 Thread 0x00007fbcd5003000 Exception <a 'java/lang/NoSuchFieldError': method resolution failed> (0x00000007aad61dc8) thrown at [/HUDSON3/workspace/8-2-build-macosx-x86_64/jdk8u66/4988/hotspot/src/share/vm/prims/methodHandles.cpp, line 1146]
Event: 0.370 Thread 0x00007fbcd5003000 Exception <a 'java/io/FileNotFoundException'> (0x00000007aadddc28) thrown at [/HUDSON3/workspace/8-2-build-macosx-x86_64/jdk8u66/4988/hotspot/src/share/vm/prims/jni.cpp, line 709]
Event: 0.370 Thread 0x00007fbcd5003000 Exception <a 'java/io/FileNotFoundException'> (0x00000007aadde7b0) thrown at [/HUDSON3/workspace/8-2-build-macosx-x86_64/jdk8u66/4988/hotspot/src/share/vm/prims/jni.cpp, line 709]
Event: 0.505 Thread 0x00007fbcd5003000 Exception <a 'java/io/FileNotFoundException'> (0x00000007aaed75c8) thrown at [/HUDSON3/workspace/8-2-build-macosx-x86_64/jdk8u66/4988/hotspot/src/share/vm/prims/jni.cpp, line 709]
Event: 2.074 Thread 0x00007fbcd5803000 Exception <a 'java/lang/NullPointerException'> (0x00000007aab81b88) thrown at [/HUDSON3/workspace/8-2-build-macosx-x86_64/jdk8u66/4988/hotspot/src/share/vm/interpreter/linkResolver.cpp, line 1178]
Event: 2.199 Thread 0x00007fbcd5971000 Exception <a 'java/lang/UnsatisfiedLinkError': com.jogamp.common.util.JarUtil.fixNativeLibAttribs(Ljava/lang/String;)Z> (0x00000007ab0be3a0) thrown at [/HUDSON3/workspace/8-2-build-macosx-x86_64/jdk8u66/4988/hotspot/src/share/vm/prims/nativeLookup.cpp, li
Event: 3.293 Thread 0x00007fbcd5c5a800 Exception <a 'java/io/FileNotFoundException'> (0x00000007ab54eaa0) thrown at [/HUDSON3/workspace/8-2-build-macosx-x86_64/jdk8u66/4988/hotspot/src/share/vm/prims/jni.cpp, line 709]
Event: 3.293 Thread 0x00007fbcd5c5a800 Exception <a 'java/io/FileNotFoundException'> (0x00000007ab55aa48) thrown at [/HUDSON3/workspace/8-2-build-macosx-x86_64/jdk8u66/4988/hotspot/src/share/vm/prims/jni.cpp, line 709]
Event: 3.293 Thread 0x00007fbcd5c5a800 Implicit null exception at 0x0000000102571bf5 to 0x0000000102571f7d

Events (10 events):
Event: 6.651 loading class jogamp/nativewindow/jawt/macosx/MacOSXJAWTWindow$1 done
Event: 6.654 loading class java/awt/LightweightDispatcher$2
Event: 6.654 loading class java/awt/LightweightDispatcher$2 done
Event: 6.654 loading class java/awt/event/AWTEventListenerProxy
Event: 6.654 loading class java/awt/event/AWTEventListenerProxy done
Event: 6.654 loading class java/awt/Toolkit$ToolkitEventMulticaster
Event: 6.654 loading class java/awt/Toolkit$ToolkitEventMulticaster done
Event: 6.655 Thread 0x00007fbcd4193000 Thread exited: 0x00007fbcd4193000
Event: 6.655 loading class java/awt/Window$1DisposeAction
Event: 6.655 loading class java/awt/Window$1DisposeAction done


Dynamic libraries:
0x0000000004a85000 	/System/Library/Frameworks/Cocoa.framework/Versions/A/Cocoa
0x0000000004a85000 	/System/Library/Frameworks/Security.framework/Versions/A/Security
0x0000000004a85000 	/System/Library/Frameworks/ApplicationServices.framework/Versions/A/ApplicationServices
0x0000000004a85000 	/usr/lib/libz.1.dylib
0x0000000004a85000 	/usr/lib/libSystem.B.dylib
0x0000000004a85000 	/usr/lib/libobjc.A.dylib
0x0000000004a85000 	/System/Library/Frameworks/CoreFoundation.framework/Versions/A/CoreFoundation
0x0000000004a85000 	/System/Library/Frameworks/Foundation.framework/Versions/C/Foundation
0x0000000004a85000 	/System/Library/Frameworks/AppKit.framework/Versions/C/AppKit
0x0000000004a85000 	/System/Library/Frameworks/CoreData.framework/Versions/A/CoreData
0x0000000004a85000 	/System/Library/PrivateFrameworks/RemoteViewServices.framework/Versions/A/RemoteViewServices
0x0000000004a85000 	/System/Library/PrivateFrameworks/UIFoundation.framework/Versions/A/UIFoundation
0x0000000004a85000 	/usr/lib/libScreenReader.dylib
0x0000000004a85000 	/System/Library/Frameworks/Accelerate.framework/Versions/A/Accelerate
0x0000000004a85000 	/System/Library/Frameworks/IOSurface.framework/Versions/A/IOSurface
0x0000000004a85000 	/System/Library/Frameworks/AudioToolbox.framework/Versions/A/AudioToolbox
0x0000000004a85000 	/System/Library/Frameworks/AudioUnit.framework/Versions/A/AudioUnit
0x0000000004a85000 	/System/Library/PrivateFrameworks/DataDetectorsCore.framework/Versions/A/DataDetectorsCore
0x0000000004a85000 	/System/Library/PrivateFrameworks/DesktopServicesPriv.framework/Versions/A/DesktopServicesPriv
0x0000000004a85000 	/System/Library/Frameworks/Carbon.framework/Versions/A/Frameworks/HIToolbox.framework/Versions/A/HIToolbox
0x0000000004a85000 	/System/Library/Frameworks/QuartzCore.framework/Versions/A/QuartzCore
0x0000000004a85000 	/System/Library/Frameworks/Carbon.framework/Versions/A/Frameworks/SpeechRecognition.framework/Versions/A/SpeechRecognition
0x0000000004a85000 	/usr/lib/libauto.dylib
0x0000000004a85000 	/usr/lib/libicucore.A.dylib
0x0000000004a85000 	/usr/lib/libxml2.2.dylib
0x0000000004a85000 	/System/Library/PrivateFrameworks/CoreUI.framework/Versions/A/CoreUI
0x0000000004a85000 	/System/Library/Frameworks/CoreAudio.framework/Versions/A/CoreAudio
0x0000000004a85000 	/System/Library/Frameworks/DiskArbitration.framework/Versions/A/DiskArbitration
0x0000000004a85000 	/usr/lib/liblangid.dylib
0x0000000004a85000 	/System/Library/PrivateFrameworks/MultitouchSupport.framework/Versions/A/MultitouchSupport
0x0000000004a85000 	/System/Library/Frameworks/IOKit.framework/Versions/A/IOKit
0x0000000004a85000 	/usr/lib/libDiagnosticMessagesClient.dylib
0x0000000004a85000 	/System/Library/Frameworks/CoreServices.framework/Versions/A/CoreServices
0x0000000004a85000 	/System/Library/PrivateFrameworks/PerformanceAnalysis.framework/Versions/A/PerformanceAnalysis
0x0000000004a85000 	/System/Library/PrivateFrameworks/GenerationalStorage.framework/Versions/A/GenerationalStorage
0x0000000004a85000 	/System/Library/Frameworks/OpenGL.framework/Versions/A/OpenGL
0x0000000004a85000 	/System/Library/PrivateFrameworks/Sharing.framework/Versions/A/Sharing
0x0000000004a85000 	/System/Library/Frameworks/CoreGraphics.framework/Versions/A/CoreGraphics
0x0000000004a85000 	/System/Library/Frameworks/CoreImage.framework/Versions/A/CoreImage
0x0000000004a85000 	/System/Library/Frameworks/CoreText.framework/Versions/A/CoreText
0x0000000004a85000 	/System/Library/Frameworks/ImageIO.framework/Versions/A/ImageIO
0x0000000004a85000 	/System/Library/PrivateFrameworks/Backup.framework/Versions/A/Backup
0x0000000004a85000 	/usr/lib/libextension.dylib
0x0000000004a85000 	/usr/lib/libarchive.2.dylib
0x0000000004a85000 	/System/Library/Frameworks/CFNetwork.framework/Versions/A/CFNetwork
0x0000000004a85000 	/System/Library/Frameworks/SystemConfiguration.framework/Versions/A/SystemConfiguration
0x0000000004a85000 	/usr/lib/libCRFSuite.dylib
0x0000000004a85000 	/usr/lib/libc++.1.dylib
0x0000000004a85000 	/usr/lib/libc++abi.dylib
0x0000000004a85000 	/usr/lib/system/libcache.dylib
0x0000000004a85000 	/usr/lib/system/libcommonCrypto.dylib
0x0000000004a85000 	/usr/lib/system/libcompiler_rt.dylib
0x0000000004a85000 	/usr/lib/system/libcopyfile.dylib
0x0000000004a85000 	/usr/lib/system/libcorecrypto.dylib
0x0000000004a85000 	/usr/lib/system/libdispatch.dylib
0x0000000004a85000 	/usr/lib/system/libdyld.dylib
0x0000000004a85000 	/usr/lib/system/libkeymgr.dylib
0x0000000004a85000 	/usr/lib/system/liblaunch.dylib
0x0000000004a85000 	/usr/lib/system/libmacho.dylib
0x0000000004a85000 	/usr/lib/system/libquarantine.dylib
0x0000000004a85000 	/usr/lib/system/libremovefile.dylib
0x0000000004a85000 	/usr/lib/system/libsystem_asl.dylib
0x0000000004a85000 	/usr/lib/system/libsystem_blocks.dylib
0x0000000004a85000 	/usr/lib/system/libsystem_c.dylib
0x0000000004a85000 	/usr/lib/system/libsystem_configuration.dylib
0x0000000004a85000 	/usr/lib/system/libsystem_coreservices.dylib
0x0000000004a85000 	/usr/lib/system/libsystem_coretls.dylib
0x0000000004a85000 	/usr/lib/system/libsystem_dnssd.dylib
0x0000000004a85000 	/usr/lib/system/libsystem_info.dylib
0x0000000004a85000 	/usr/lib/system/libsystem_kernel.dylib
0x0000000004a85000 	/usr/lib/system/libsystem_m.dylib
0x0000000004a85000 	/usr/lib/system/libsystem_malloc.dylib
0x0000000004a85000 	/usr/lib/system/libsystem_network.dylib
0x0000000004a85000 	/usr/lib/system/libsystem_networkextension.dylib
0x0000000004a85000 	/usr/lib/system/libsystem_notify.dylib
0x0000000004a85000 	/usr/lib/system/libsystem_platform.dylib
0x0000000004a85000 	/usr/lib/system/libsystem_pthread.dylib
0x0000000004a85000 	/usr/lib/system/libsystem_sandbox.dylib
0x0000000004a85000 	/usr/lib/system/libsystem_secinit.dylib
0x0000000004a85000 	/usr/lib/system/libsystem_trace.dylib
0x0000000004a85000 	/usr/lib/system/libunc.dylib
0x0000000004a85000 	/usr/lib/system/libunwind.dylib
0x0000000004a85000 	/usr/lib/system/libxpc.dylib
0x0000000004a85000 	/usr/lib/libenergytrace.dylib
0x0000000004a85000 	/usr/lib/libbsm.0.dylib
0x0000000004a85000 	/usr/lib/system/libkxld.dylib
0x0000000004a85000 	/usr/lib/libxar.1.dylib
0x0000000004a85000 	/usr/lib/libsqlite3.dylib
0x0000000004a85000 	/usr/lib/libpam.2.dylib
0x0000000004a85000 	/usr/lib/libOpenScriptingUtil.dylib
0x0000000004a85000 	/usr/lib/libbz2.1.0.dylib
0x0000000004a85000 	/usr/lib/liblzma.5.dylib
0x0000000004a85000 	/System/Library/Frameworks/CoreServices.framework/Versions/A/Frameworks/FSEvents.framework/Versions/A/FSEvents
0x0000000004a85000 	/System/Library/Frameworks/CoreServices.framework/Versions/A/Frameworks/CarbonCore.framework/Versions/A/CarbonCore
0x0000000004a85000 	/System/Library/Frameworks/CoreServices.framework/Versions/A/Frameworks/Metadata.framework/Versions/A/Metadata
0x0000000004a85000 	/System/Library/Frameworks/CoreServices.framework/Versions/A/Frameworks/OSServices.framework/Versions/A/OSServices
0x0000000004a85000 	/System/Library/Frameworks/CoreServices.framework/Versions/A/Frameworks/SearchKit.framework/Versions/A/SearchKit
0x0000000004a85000 	/System/Library/Frameworks/CoreServices.framework/Versions/A/Frameworks/AE.framework/Versions/A/AE
0x0000000004a85000 	/System/Library/Frameworks/CoreServices.framework/Versions/A/Frameworks/LaunchServices.framework/Versions/A/LaunchServices
0x0000000004a85000 	/System/Library/Frameworks/CoreServices.framework/Versions/A/Frameworks/DictionaryServices.framework/Versions/A/DictionaryServices
0x0000000004a85000 	/System/Library/Frameworks/CoreServices.framework/Versions/A/Frameworks/SharedFileList.framework/Versions/A/SharedFileList
0x0000000004a85000 	/System/Library/Frameworks/NetFS.framework/Versions/A/NetFS
0x0000000004a85000 	/System/Library/PrivateFrameworks/NetAuth.framework/Versions/A/NetAuth
0x0000000004a85000 	/System/Library/PrivateFrameworks/login.framework/Versions/A/Frameworks/loginsupport.framework/Versions/A/loginsupport
0x0000000004a85000 	/System/Library/PrivateFrameworks/TCC.framework/Versions/A/TCC
0x0000000004a85000 	/usr/lib/libmecabra.dylib
0x0000000004a85000 	/System/Library/Frameworks/ApplicationServices.framework/Versions/A/Frameworks/ATS.framework/Versions/A/ATS
0x0000000004a85000 	/System/Library/Frameworks/ApplicationServices.framework/Versions/A/Frameworks/ColorSync.framework/Versions/A/ColorSync
0x0000000004a85000 	/System/Library/Frameworks/ApplicationServices.framework/Versions/A/Frameworks/HIServices.framework/Versions/A/HIServices
0x0000000004a85000 	/System/Library/Frameworks/ApplicationServices.framework/Versions/A/Frameworks/LangAnalysis.framework/Versions/A/LangAnalysis
0x0000000004a85000 	/System/Library/Frameworks/ApplicationServices.framework/Versions/A/Frameworks/PrintCore.framework/Versions/A/PrintCore
0x0000000004a85000 	/System/Library/Frameworks/ApplicationServices.framework/Versions/A/Frameworks/QD.framework/Versions/A/QD
0x0000000004a85000 	/System/Library/Frameworks/ApplicationServices.framework/Versions/A/Frameworks/SpeechSynthesis.framework/Versions/A/SpeechSynthesis
0x0000000004a85000 	/System/Library/Frameworks/Metal.framework/Versions/A/Metal
0x0000000004a85000 	/System/Library/Frameworks/Accelerate.framework/Versions/A/Frameworks/vImage.framework/Versions/A/vImage
0x0000000004a85000 	/System/Library/Frameworks/Accelerate.framework/Versions/A/Frameworks/vecLib.framework/Versions/A/vecLib
0x0000000004a85000 	/System/Library/Frameworks/Accelerate.framework/Versions/A/Frameworks/vecLib.framework/Versions/A/libvDSP.dylib
0x0000000004a85000 	/System/Library/Frameworks/Accelerate.framework/Versions/A/Frameworks/vecLib.framework/Versions/A/libvMisc.dylib
0x0000000004a85000 	/System/Library/Frameworks/Accelerate.framework/Versions/A/Frameworks/vecLib.framework/Versions/A/libLAPACK.dylib
0x0000000004a85000 	/System/Library/Frameworks/Accelerate.framework/Versions/A/Frameworks/vecLib.framework/Versions/A/libBLAS.dylib
0x0000000004a85000 	/System/Library/Frameworks/Accelerate.framework/Versions/A/Frameworks/vecLib.framework/Versions/A/libLinearAlgebra.dylib
0x0000000004a85000 	/System/Library/Frameworks/Accelerate.framework/Versions/A/Frameworks/vecLib.framework/Versions/A/libSparseBLAS.dylib
0x0000000004a85000 	/System/Library/PrivateFrameworks/GPUCompiler.framework/libmetal_timestamp.dylib
0x0000000004a85000 	/System/Library/Frameworks/OpenGL.framework/Versions/A/Libraries/libCoreFSCache.dylib
0x0000000004a85000 	/System/Library/PrivateFrameworks/IOAccelerator.framework/Versions/A/IOAccelerator
0x0000000004a85000 	/System/Library/Frameworks/ApplicationServices.framework/Versions/A/Frameworks/ATS.framework/Versions/A/Resources/libFontParser.dylib
0x0000000004a85000 	/System/Library/Frameworks/ApplicationServices.framework/Versions/A/Frameworks/ATS.framework/Versions/A/Resources/libFontRegistry.dylib
0x0000000004a85000 	/System/Library/PrivateFrameworks/AppleVPA.framework/Versions/A/AppleVPA
0x0000000004a85000 	/System/Library/PrivateFrameworks/AppleJPEG.framework/Versions/A/AppleJPEG
0x0000000004a85000 	/System/Library/Frameworks/ImageIO.framework/Versions/A/Resources/libJPEG.dylib
0x0000000004a85000 	/System/Library/Frameworks/ImageIO.framework/Versions/A/Resources/libTIFF.dylib
0x0000000004a85000 	/System/Library/Frameworks/ImageIO.framework/Versions/A/Resources/libPng.dylib
0x0000000004a85000 	/System/Library/Frameworks/ImageIO.framework/Versions/A/Resources/libGIF.dylib
0x0000000004a85000 	/System/Library/Frameworks/ImageIO.framework/Versions/A/Resources/libJP2.dylib
0x0000000004a85000 	/System/Library/Frameworks/ImageIO.framework/Versions/A/Resources/libRadiance.dylib
0x0000000004a85000 	/System/Library/Frameworks/CoreVideo.framework/Versions/A/CoreVideo
0x0000000004a85000 	/System/Library/Frameworks/OpenGL.framework/Versions/A/Libraries/libGLU.dylib
0x0000000004a85000 	/System/Library/Frameworks/OpenGL.framework/Versions/A/Libraries/libGFXShared.dylib
0x0000000004a85000 	/System/Library/Frameworks/OpenGL.framework/Versions/A/Libraries/libGL.dylib
0x0000000004a85000 	/System/Library/Frameworks/OpenGL.framework/Versions/A/Libraries/libGLImage.dylib
0x0000000004a85000 	/System/Library/Frameworks/OpenGL.framework/Versions/A/Libraries/libCVMSPluginSupport.dylib
0x0000000004a85000 	/System/Library/Frameworks/OpenGL.framework/Versions/A/Libraries/libCoreVMClient.dylib
0x0000000004a85000 	/usr/lib/libcups.2.dylib
0x0000000004a85000 	/System/Library/Frameworks/Kerberos.framework/Versions/A/Kerberos
0x0000000004a85000 	/System/Library/Frameworks/GSS.framework/Versions/A/GSS
0x0000000004a85000 	/usr/lib/libresolv.9.dylib
0x0000000004a85000 	/usr/lib/libiconv.2.dylib
0x0000000004a85000 	/System/Library/PrivateFrameworks/Heimdal.framework/Versions/A/Heimdal
0x0000000004a85000 	/usr/lib/libheimdal-asn1.dylib
0x0000000004a85000 	/System/Library/Frameworks/OpenDirectory.framework/Versions/A/OpenDirectory
0x0000000004a85000 	/System/Library/PrivateFrameworks/CommonAuth.framework/Versions/A/CommonAuth
0x0000000004a85000 	/System/Library/Frameworks/OpenDirectory.framework/Versions/A/Frameworks/CFOpenDirectory.framework/Versions/A/CFOpenDirectory
0x0000000004a85000 	/System/Library/Frameworks/SecurityFoundation.framework/Versions/A/SecurityFoundation
0x0000000004a85000 	/System/Library/PrivateFrameworks/LanguageModeling.framework/Versions/A/LanguageModeling
0x0000000004a85000 	/usr/lib/libmarisa.dylib
0x0000000004a85000 	/usr/lib/libChineseTokenizer.dylib
0x0000000004a85000 	/usr/lib/libcmph.dylib
0x0000000004a85000 	/usr/lib/libcompression.dylib
0x0000000004a85000 	/System/Library/Frameworks/ServiceManagement.framework/Versions/A/ServiceManagement
0x0000000004a85000 	/usr/lib/libxslt.1.dylib
0x0000000004a85000 	/System/Library/Frameworks/Carbon.framework/Versions/A/Frameworks/Ink.framework/Versions/A/Ink
0x0000000004a85000 	/usr/lib/libFosl_dynamic.dylib
0x0000000004a85000 	/System/Library/PrivateFrameworks/FaceCore.framework/Versions/A/FaceCore
0x0000000004a85000 	/System/Library/Frameworks/OpenCL.framework/Versions/A/OpenCL
0x0000000004a85000 	/System/Library/PrivateFrameworks/CrashReporterSupport.framework/Versions/A/CrashReporterSupport
0x0000000004a85000 	/System/Library/PrivateFrameworks/IconServices.framework/Versions/A/IconServices
0x0000000004a85000 	/System/Library/PrivateFrameworks/Apple80211.framework/Versions/A/Apple80211
0x0000000004a85000 	/System/Library/Frameworks/CoreWLAN.framework/Versions/A/CoreWLAN
0x0000000004a85000 	/System/Library/Frameworks/IOBluetooth.framework/Versions/A/IOBluetooth
0x0000000004a85000 	/System/Library/PrivateFrameworks/CoreWiFi.framework/Versions/A/CoreWiFi
0x0000000004a85000 	/System/Library/Frameworks/CoreBluetooth.framework/Versions/A/CoreBluetooth
0x0000000004a85000 	/System/Library/PrivateFrameworks/ChunkingLibrary.framework/Versions/A/ChunkingLibrary
0x0000000004a85000 	/System/Library/PrivateFrameworks/DebugSymbols.framework/Versions/A/DebugSymbols
0x0000000004a85000 	/System/Library/PrivateFrameworks/CoreSymbolication.framework/Versions/A/CoreSymbolication
0x0000000004a85000 	/System/Library/PrivateFrameworks/Symbolication.framework/Versions/A/Symbolication
0x0000000004a85000 	/System/Library/PrivateFrameworks/SpeechRecognitionCore.framework/Versions/A/SpeechRecognitionCore
0x0000000101400000 	/Library/Java/JavaVirtualMachines/jdk1.8.0_66.jdk/Contents/Home/jre/lib/server/libjvm.dylib
0x0000000004a85000 	/usr/lib/libstdc++.6.dylib
0x0000000100bbe000 	/Library/Java/JavaVirtualMachines/jdk1.8.0_66.jdk/Contents/Home/jre/lib/libverify.dylib
0x0000000102386000 	/Library/Java/JavaVirtualMachines/jdk1.8.0_66.jdk/Contents/Home/jre/lib/libjava.dylib
0x0000000100bd6000 	/Library/Java/JavaVirtualMachines/jdk1.8.0_66.jdk/Contents/Home/jre/lib/libzip.dylib
0x00000001157a0000 	/System/Library/Frameworks/JavaVM.framework/Frameworks/JavaRuntimeSupport.framework/JavaRuntimeSupport
0x00000001157bb000 	/System/Library/Frameworks/JavaVM.framework/Versions/A/Frameworks/JavaNativeFoundation.framework/Versions/A/JavaNativeFoundation
0x00000001157d0000 	/System/Library/Frameworks/JavaVM.framework/Versions/A/JavaVM
0x0000000004a85000 	/System/Library/Frameworks/Carbon.framework/Versions/A/Carbon
0x0000000100bf4000 	/System/Library/PrivateFrameworks/JavaLaunching.framework/Versions/A/JavaLaunching
0x0000000004a85000 	/System/Library/Frameworks/Carbon.framework/Versions/A/Frameworks/CommonPanels.framework/Versions/A/CommonPanels
0x0000000004a85000 	/System/Library/Frameworks/Carbon.framework/Versions/A/Frameworks/Help.framework/Versions/A/Help
0x0000000004a85000 	/System/Library/Frameworks/Carbon.framework/Versions/A/Frameworks/ImageCapture.framework/Versions/A/ImageCapture
0x0000000004a85000 	/System/Library/Frameworks/Carbon.framework/Versions/A/Frameworks/OpenScripting.framework/Versions/A/OpenScripting
0x0000000004a85000 	/System/Library/Frameworks/Carbon.framework/Versions/A/Frameworks/Print.framework/Versions/A/Print
0x0000000004a85000 	/System/Library/Frameworks/Carbon.framework/Versions/A/Frameworks/SecurityHI.framework/Versions/A/SecurityHI
0x000000011712e000 	/Library/Java/JavaVirtualMachines/jdk1.8.0_66.jdk/Contents/Home/jre/lib/libawt.dylib
0x00000001171d6000 	/Library/Java/JavaVirtualMachines/jdk1.8.0_66.jdk/Contents/Home/jre/lib/./libmlib_image.dylib
0x00000001172a2000 	/Library/Java/JavaVirtualMachines/jdk1.8.0_66.jdk/Contents/Home/jre/lib/libawt_lwawt.dylib
0x0000000117357000 	/Library/Java/JavaVirtualMachines/jdk1.8.0_66.jdk/Contents/Home/jre/lib/./libosxapp.dylib
0x0000000004a85000 	/System/Library/Frameworks/ExceptionHandling.framework/Versions/A/ExceptionHandling
0x0000000004a85000 	/System/Library/PrivateFrameworks/CoreServicesInternal.framework/Versions/A/CoreServicesInternal
0x0000000004a85000 	/System/Library/Frameworks/CoreGraphics.framework/Versions/A/Resources/libRIP.A.dylib
0x0000000004a85000 	/System/Library/Frameworks/Accelerate.framework/Versions/A/Frameworks/vImage.framework/Versions/A/Libraries/libCGInterfaces.dylib
0x0000000004a85000 	/System/Library/Frameworks/CoreGraphics.framework/Versions/A/Resources/libCGXType.A.dylib
0x0000000004a85000 	/System/Library/Frameworks/OpenCL.framework/Versions/A/Libraries/libcldcpuengine.dylib
0x0000000004a85000 	/System/Library/PrivateFrameworks/DiskImages.framework/Versions/A/DiskImages
0x0000000004a85000 	/System/Library/Frameworks/DiscRecording.framework/Versions/A/DiscRecording
0x0000000004a85000 	/usr/lib/libcsfde.dylib
0x0000000004a85000 	/usr/lib/libcurl.4.dylib
0x0000000004a85000 	/System/Library/PrivateFrameworks/MediaKit.framework/Versions/A/MediaKit
0x0000000004a85000 	/System/Library/PrivateFrameworks/ProtectedCloudStorage.framework/Versions/A/ProtectedCloudStorage
0x0000000004a85000 	/usr/lib/libCoreStorage.dylib
0x0000000004a85000 	/System/Library/PrivateFrameworks/EFILogin.framework/Versions/A/EFILogin
0x0000000004a85000 	/usr/lib/libutil.dylib
0x0000000004a85000 	/System/Library/PrivateFrameworks/FindMyDevice.framework/Versions/A/FindMyDevice
0x0000000004a85000 	/System/Library/Frameworks/LDAP.framework/Versions/A/LDAP
0x0000000004a85000 	/usr/lib/libsasl2.2.dylib
0x0000000004a85000 	/System/Library/PrivateFrameworks/CoreDaemon.framework/Versions/B/CoreDaemon
0x0000000004a85000 	/usr/lib/libcrypto.0.9.8.dylib
0x0000000004a85000 	/System/Library/PrivateFrameworks/AppleSRP.framework/Versions/A/AppleSRP
0x0000000004a85000 	/System/Library/PrivateFrameworks/TrustEvaluationAgent.framework/Versions/A/TrustEvaluationAgent
0x0000000118bc1000 	cl_kernels
0x0000000004a85000 	/System/Library/Frameworks/OpenCL.framework/Versions/A/Libraries/ImageFormats/unorm8_bgra.dylib
0x0000000004a85000 	/System/Library/Frameworks/OpenCL.framework/Versions/A/Libraries/ImageFormats/unorm8_rgba.dylib
0x0000000004a85000 	/System/Library/PrivateFrameworks/FamilyControls.framework/Versions/A/FamilyControls
0x0000000004a85000 	/System/Library/PrivateFrameworks/CommerceKit.framework/Versions/A/Frameworks/CommerceCore.framework/Versions/A/CommerceCore
0x0000000004a85000 	/System/Library/PrivateFrameworks/SystemAdministration.framework/Versions/A/SystemAdministration
0x0000000004a85000 	/System/Library/PrivateFrameworks/AppContainer.framework/Versions/A/AppContainer
0x0000000004a85000 	/System/Library/PrivateFrameworks/SecCodeWrapper.framework/Versions/A/SecCodeWrapper
0x0000000004a85000 	/System/Library/Frameworks/DirectoryService.framework/Versions/A/DirectoryService
0x0000000004a85000 	/System/Library/PrivateFrameworks/LoginUIKit.framework/Versions/A/Frameworks/LoginUICore.framework/Versions/A/LoginUICore
0x0000000004a85000 	/usr/lib/libodfde.dylib
0x0000000004a85000 	/System/Library/Frameworks/OpenGL.framework/Versions/A/Resources/GLEngine.bundle/GLEngine
0x0000000004a85000 	/System/Library/Frameworks/OpenGL.framework/Versions/A/Libraries/libGLProgrammability.dylib
0x0000000119bfe000 	/System/Library/Extensions/AppleIntelHD4000GraphicsGLDriver.bundle/Contents/MacOS/AppleIntelHD4000GraphicsGLDriver
0x0000000004a85000 	/System/Library/PrivateFrameworks/GPUSupport.framework/Versions/A/Libraries/libGPUSupportMercury.dylib
0x0000000004a85000 	/System/Library/Frameworks/OpenGL.framework/Versions/A/Resources/GLRendererFloat.bundle/GLRendererFloat
0x000000011ab68000 	/Library/Java/JavaVirtualMachines/jdk1.8.0_66.jdk/Contents/Home/jre/lib/libfontmanager.dylib
0x000000011bfe3000 	/Library/Java/JavaVirtualMachines/jdk1.8.0_66.jdk/Contents/Home/jre/lib/libosxui.dylib
0x000000011cc11000 	/Library/Java/JavaVirtualMachines/jdk1.8.0_66.jdk/Contents/Home/jre/lib/libnet.dylib
0x000000011cc28000 	/Library/Java/JavaVirtualMachines/jdk1.8.0_66.jdk/Contents/Home/jre/lib/libnio.dylib
0x0000000004a85000 	/System/Library/Frameworks/ApplicationServices.framework/Versions/A/Frameworks/ATS.framework/Versions/A/Resources/libTrueTypeScaler.dylib
0x0000000181239000 	/System/Library/Extensions/AppleIntelHD4000GraphicsMTLDriver.bundle/Contents/MacOS/AppleIntelHD4000GraphicsMTLDriver
0x0000000118169000 	/private/var/folders/v7/m_7hp0g111n_0hjcbnqwrbd80000gn/T/jogamp_0000/file_cache/jln4022082096221220204/jln7967832112067033934/libgluegen-rt.jnilib
0x000000011816e000 	/private/var/folders/v7/m_7hp0g111n_0hjcbnqwrbd80000gn/T/jogamp_0000/file_cache/jln4022082096221220204/jln7967832112067033934/libnativewindow_awt.jnilib
0x0000000118171000 	/Library/Java/JavaVirtualMachines/jdk1.8.0_66.jdk/Contents/Home/jre/lib/libjawt.dylib
0x0000000118174000 	/private/var/folders/v7/m_7hp0g111n_0hjcbnqwrbd80000gn/T/jogamp_0000/file_cache/jln4022082096221220204/jln7967832112067033934/libnativewindow_macosx.jnilib
0x0000000182fe4000 	/private/var/folders/v7/m_7hp0g111n_0hjcbnqwrbd80000gn/T/jogamp_0000/file_cache/jln4022082096221220204/jln7967832112067033934/libjogl_desktop.jnilib
0x000000011884d000 	/Library/Java/JavaVirtualMachines/jdk1.8.0_66.jdk/Contents/Home/jre/lib/libt2k.dylib

VM Arguments:
jvm_args: -Djava.security.policy=java.policy.applet -Dfile.encoding=UTF-8 
java_command: sun.applet.AppletViewer module3.EarthquakeCityMap1455504845645.html
java_class_path (initial): /Users/eliyahudorsky/Desktop/Basic Information/Parnasa/Coding/Coding Education/Java Course/Workspace/UCSDUnfoldingMaps/build:/Users/eliyahudorsky/Desktop/Basic Information/Parnasa/Coding/Coding Education/Java Course/Workspace/UCSDUnfoldingMaps/lib/core.jar:/Users/eliyahudorsky/Desktop/Basic Information/Parnasa/Coding/Coding Education/Java Course/Workspace/UCSDUnfoldingMaps/lib/gluegen-rt.jar:/Users/eliyahudorsky/Desktop/Basic Information/Parnasa/Coding/Coding Education/Java Course/Workspace/UCSDUnfoldingMaps/lib/jogl-all.jar:/Users/eliyahudorsky/Desktop/Basic Information/Parnasa/Coding/Coding Education/Java Course/Workspace/UCSDUnfoldingMaps/lib/log4j-1.2.15.jar:/Users/eliyahudorsky/Desktop/Basic Information/Parnasa/Coding/Coding Education/Java Course/Workspace/UCSDUnfoldingMaps/lib/sqlite-jdbc-3.7.2.jar:/Users/eliyahudorsky/Desktop/Basic Information/Parnasa/Coding/Coding Education/Java Course/Workspace/UCSDUnfoldingMaps/lib/json4processing.jar:/Users/eliyahudorsky/Desktop/Basic Information/Parnasa/Coding/Coding Education/Java Course/Workspace/UCSDUnfoldingMaps/lib/libTUIO.jar:/Users/eliyahudorsky/Desktop/Basic Information/Parnasa/Coding/Coding Education/Java Course/Workspace/UCSDUnfoldingMaps/lib/unfolding.0.9.7-uscd.jar
Launcher Type: SUN_STANDARD

Environment Variables:
PATH=/usr/bin:/bin:/usr/sbin:/sbin
SHELL=/bin/bash

Signal Handlers:
SIGSEGV: [libjvm.dylib+0x5a65d5], sa_mask[0]=11111111011111110111111111111111, sa_flags=SA_ONSTACK|SA_RESTART|SA_SIGINFO
SIGBUS: [libjvm.dylib+0x5a65d5], sa_mask[0]=11111111011111110111111111111111, sa_flags=SA_RESTART|SA_SIGINFO
SIGFPE: [libjvm.dylib+0x4802e8], sa_mask[0]=11111111011111110111111111111111, sa_flags=SA_RESTART|SA_SIGINFO
SIGPIPE: [libjvm.dylib+0x4802e8], sa_mask[0]=11111111011111110111111111111111, sa_flags=SA_RESTART|SA_SIGINFO
SIGXFSZ: [libjvm.dylib+0x4802e8], sa_mask[0]=11111111011111110111111111111111, sa_flags=SA_RESTART|SA_SIGINFO
SIGILL: [libjvm.dylib+0x4802e8], sa_mask[0]=11111111011111110111111111111111, sa_flags=SA_RESTART|SA_SIGINFO
SIGUSR1: SIG_DFL, sa_mask[0]=00000000000000000000000000000000, sa_flags=none
SIGUSR2: [libjvm.dylib+0x47fe06], sa_mask[0]=00100000000000000000000000000000, sa_flags=SA_RESTART|SA_SIGINFO
SIGHUP: [libjvm.dylib+0x47e3dd], sa_mask[0]=11111111011111110111111111111111, sa_flags=SA_RESTART|SA_SIGINFO
SIGINT: [libjvm.dylib+0x47e3dd], sa_mask[0]=11111111011111110111111111111111, sa_flags=SA_RESTART|SA_SIGINFO
SIGTERM: [libjvm.dylib+0x47e3dd], sa_mask[0]=11111111011111110111111111111111, sa_flags=SA_RESTART|SA_SIGINFO
SIGQUIT: [libjvm.dylib+0x47e3dd], sa_mask[0]=11111111011111110111111111111111, sa_flags=SA_RESTART|SA_SIGINFO


---------------  S Y S T E M  ---------------

OS:Bsduname:Darwin 15.0.0 Darwin Kernel Version 15.0.0: Sat Sep 19 15:53:46 PDT 2015; root:xnu-3247.10.11~1/RELEASE_X86_64 x86_64
rlimit: STACK 8192k, CORE 0k, NPROC 709, NOFILE 10240, AS infinity
load average:2.64 2.21 2.27

CPU:total 4 (2 cores per cpu, 2 threads per core) family 6 model 58 stepping 9, cmov, cx8, fxsr, mmx, sse, sse2, sse3, ssse3, sse4.1, sse4.2, popcnt, avx, aes, clmul, erms, ht, tsc, tscinvbit, tscinv

Memory: 4k page, physical 4194304k(65412k free)

/proc/meminfo:


vm_info: Java HotSpot(TM) 64-Bit Server VM (25.66-b17) for bsd-amd64 JRE (1.8.0_66-b17), built on Oct  6 2015 16:09:13 by "java_re" with gcc 4.2.1 (Based on Apple Inc. build 5658) (LLVM build 2336.11.00)

time: Sun Feb 14 21:54:12 2016
elapsed time: 6 seconds (0d 0h 0m 6s)

